2024-06-27T01:19:13.149Z error: MongoServerError: Transaction numbers are only allowed on a replica set member or mongos
    at Connection.sendCommand (G:\mazadat\node_modules\mongodb\lib\cmap\connection.js:281:27)
    at process.processTicksAndRejections (node:internal/process/task_queues:95:5)
    at async Connection.command (G:\mazadat\node_modules\mongodb\lib\cmap\connection.js:304:26)
    at async Server.command (G:\mazadat\node_modules\mongodb\lib\sdam\server.js:169:24)
    at async executeOperation (G:\mazadat\node_modules\mongodb\lib\operations\execute_operation.js:126:16)
    at async FindCursor._initialize (G:\mazadat\node_modules\mongodb\lib\cursor\find_cursor.js:55:26)
    at async [kInit] (G:\mazadat\node_modules\mongodb\lib\cursor\abstract_cursor.js:454:27)
    at async next (G:\mazadat\node_modules\mongodb\lib\cursor\abstract_cursor.js:514:13)
    at async [Symbol.asyncIterator] (G:\mazadat\node_modules\mongodb\lib\cursor\abstract_cursor.js:160:34)
    at async FindCursor.toArray (G:\mazadat\node_modules\mongodb\lib\cursor\abstract_cursor.js:273:26)
2024-06-27T01:43:42.031Z error: TypeError: Cannot read properties of undefined (reading 'isMaster')
    at notifyAuctionEvents (G:\mazadat\sockets\notifications.js:2797:45)
    at Timeout._onTimeout (G:\mazadat\sockets\notifications.js:3096:21)
    at listOnTimeout (node:internal/timers:573:17)
    at process.processTimers (node:internal/timers:514:7)
2024-06-27T01:45:26.838Z error: MongoServerError: Transaction numbers are only allowed on a replica set member or mongos
    at Connection.sendCommand (G:\mazadat\node_modules\mongodb\lib\cmap\connection.js:281:27)
    at process.processTicksAndRejections (node:internal/process/task_queues:95:5)
    at async Connection.command (G:\mazadat\node_modules\mongodb\lib\cmap\connection.js:304:26)
    at async Server.command (G:\mazadat\node_modules\mongodb\lib\sdam\server.js:169:24)
    at async executeOperation (G:\mazadat\node_modules\mongodb\lib\operations\execute_operation.js:126:16)
    at async FindCursor._initialize (G:\mazadat\node_modules\mongodb\lib\cursor\find_cursor.js:55:26)
    at async [kInit] (G:\mazadat\node_modules\mongodb\lib\cursor\abstract_cursor.js:454:27)
    at async next (G:\mazadat\node_modules\mongodb\lib\cursor\abstract_cursor.js:514:13)
    at async [Symbol.asyncIterator] (G:\mazadat\node_modules\mongodb\lib\cursor\abstract_cursor.js:160:34)
    at async FindCursor.toArray (G:\mazadat\node_modules\mongodb\lib\cursor\abstract_cursor.js:273:26)
2024-06-27T01:47:17.922Z error: MongoServerError: Transaction numbers are only allowed on a replica set member or mongos
    at Connection.sendCommand (G:\mazadat\node_modules\mongodb\lib\cmap\connection.js:281:27)
    at process.processTicksAndRejections (node:internal/process/task_queues:95:5)
    at async Connection.command (G:\mazadat\node_modules\mongodb\lib\cmap\connection.js:304:26)
    at async Server.command (G:\mazadat\node_modules\mongodb\lib\sdam\server.js:169:24)
    at async executeOperation (G:\mazadat\node_modules\mongodb\lib\operations\execute_operation.js:126:16)
    at async FindCursor._initialize (G:\mazadat\node_modules\mongodb\lib\cursor\find_cursor.js:55:26)
    at async [kInit] (G:\mazadat\node_modules\mongodb\lib\cursor\abstract_cursor.js:454:27)
    at async next (G:\mazadat\node_modules\mongodb\lib\cursor\abstract_cursor.js:514:13)
    at async [Symbol.asyncIterator] (G:\mazadat\node_modules\mongodb\lib\cursor\abstract_cursor.js:160:34)
    at async FindCursor.toArray (G:\mazadat\node_modules\mongodb\lib\cursor\abstract_cursor.js:273:26)
2024-06-27T07:46:46.659Z error: TypeError: Cannot read properties of undefined (reading 'userId')
    at handleLosers (G:\mazadat\sockets\notifications.js:2987:34)
    at processEndingSubcategories (G:\mazadat\sockets\notifications.js:2874:13)
    at process.processTicksAndRejections (node:internal/process/task_queues:95:5)
    at async notifyAuctionEvents (G:\mazadat\sockets\notifications.js:2809:5)
2024-06-27T07:46:55.452Z error: TypeError: Cannot read properties of undefined (reading 'userId')
    at handleLosers (G:\mazadat\sockets\notifications.js:2987:34)
    at processEndingSubcategories (G:\mazadat\sockets\notifications.js:2874:13)
    at process.processTicksAndRejections (node:internal/process/task_queues:95:5)
    at async notifyAuctionEvents (G:\mazadat\sockets\notifications.js:2809:5)
2024-06-27T07:47:05.505Z error: TypeError: Cannot read properties of undefined (reading 'userId')
    at handleLosers (G:\mazadat\sockets\notifications.js:2987:34)
    at processEndingSubcategories (G:\mazadat\sockets\notifications.js:2874:13)
    at process.processTicksAndRejections (node:internal/process/task_queues:95:5)
    at async notifyAuctionEvents (G:\mazadat\sockets\notifications.js:2809:5)
2024-06-27T07:47:15.463Z error: TypeError: Cannot read properties of undefined (reading 'userId')
    at handleLosers (G:\mazadat\sockets\notifications.js:2987:34)
    at processEndingSubcategories (G:\mazadat\sockets\notifications.js:2874:13)
    at process.processTicksAndRejections (node:internal/process/task_queues:95:5)
    at async notifyAuctionEvents (G:\mazadat\sockets\notifications.js:2809:5)
2024-06-27T07:47:25.603Z error: TypeError: Cannot read properties of undefined (reading 'userId')
    at handleLosers (G:\mazadat\sockets\notifications.js:2987:34)
    at processEndingSubcategories (G:\mazadat\sockets\notifications.js:2874:13)
    at process.processTicksAndRejections (node:internal/process/task_queues:95:5)
    at async notifyAuctionEvents (G:\mazadat\sockets\notifications.js:2809:5)
2024-06-27T07:47:35.494Z error: TypeError: Cannot read properties of undefined (reading 'userId')
    at handleLosers (G:\mazadat\sockets\notifications.js:2987:34)
    at processEndingSubcategories (G:\mazadat\sockets\notifications.js:2874:13)
    at process.processTicksAndRejections (node:internal/process/task_queues:95:5)
    at async notifyAuctionEvents (G:\mazadat\sockets\notifications.js:2809:5)
2024-06-27T07:47:45.508Z error: TypeError: Cannot read properties of undefined (reading 'userId')
    at handleLosers (G:\mazadat\sockets\notifications.js:2987:34)
    at processEndingSubcategories (G:\mazadat\sockets\notifications.js:2874:13)
    at process.processTicksAndRejections (node:internal/process/task_queues:95:5)
    at async notifyAuctionEvents (G:\mazadat\sockets\notifications.js:2809:5)
2024-06-27T07:47:55.551Z error: TypeError: Cannot read properties of undefined (reading 'userId')
    at handleLosers (G:\mazadat\sockets\notifications.js:2987:34)
    at processEndingSubcategories (G:\mazadat\sockets\notifications.js:2874:13)
    at process.processTicksAndRejections (node:internal/process/task_queues:95:5)
    at async notifyAuctionEvents (G:\mazadat\sockets\notifications.js:2809:5)
2024-06-27T07:48:05.584Z error: TypeError: Cannot read properties of undefined (reading 'userId')
    at handleLosers (G:\mazadat\sockets\notifications.js:2987:34)
    at processEndingSubcategories (G:\mazadat\sockets\notifications.js:2874:13)
    at process.processTicksAndRejections (node:internal/process/task_queues:95:5)
    at async notifyAuctionEvents (G:\mazadat\sockets\notifications.js:2809:5)
2024-06-27T07:48:16.126Z error: TypeError: Cannot read properties of undefined (reading 'userId')
    at handleLosers (G:\mazadat\sockets\notifications.js:2987:34)
    at processEndingSubcategories (G:\mazadat\sockets\notifications.js:2874:13)
    at process.processTicksAndRejections (node:internal/process/task_queues:95:5)
    at async notifyAuctionEvents (G:\mazadat\sockets\notifications.js:2809:5)
2024-06-27T07:48:33.660Z error: TypeError: Cannot read properties of undefined (reading 'userId')
    at handleLosers (G:\mazadat\sockets\notifications.js:2989:34)
    at processEndingSubcategories (G:\mazadat\sockets\notifications.js:2874:13)
    at process.processTicksAndRejections (node:internal/process/task_queues:95:5)
    at async notifyAuctionEvents (G:\mazadat\sockets\notifications.js:2809:5)
2024-06-27T07:48:43.643Z error: TypeError: Cannot read properties of undefined (reading 'userId')
    at handleLosers (G:\mazadat\sockets\notifications.js:2989:34)
    at processEndingSubcategories (G:\mazadat\sockets\notifications.js:2874:13)
    at process.processTicksAndRejections (node:internal/process/task_queues:95:5)
    at async notifyAuctionEvents (G:\mazadat\sockets\notifications.js:2809:5)
2024-06-27T07:48:53.636Z error: TypeError: Cannot read properties of undefined (reading 'userId')
    at handleLosers (G:\mazadat\sockets\notifications.js:2989:34)
    at processEndingSubcategories (G:\mazadat\sockets\notifications.js:2874:13)
    at process.processTicksAndRejections (node:internal/process/task_queues:95:5)
    at async notifyAuctionEvents (G:\mazadat\sockets\notifications.js:2809:5)
2024-06-27T07:49:03.674Z error: TypeError: Cannot read properties of undefined (reading 'userId')
    at handleLosers (G:\mazadat\sockets\notifications.js:2989:34)
    at processEndingSubcategories (G:\mazadat\sockets\notifications.js:2874:13)
    at process.processTicksAndRejections (node:internal/process/task_queues:95:5)
    at async notifyAuctionEvents (G:\mazadat\sockets\notifications.js:2809:5)
2024-06-27T07:49:13.684Z error: TypeError: Cannot read properties of undefined (reading 'userId')
    at handleLosers (G:\mazadat\sockets\notifications.js:2989:34)
    at processEndingSubcategories (G:\mazadat\sockets\notifications.js:2874:13)
    at process.processTicksAndRejections (node:internal/process/task_queues:95:5)
    at async notifyAuctionEvents (G:\mazadat\sockets\notifications.js:2809:5)
2024-06-27T07:49:23.904Z error: TypeError: Cannot read properties of undefined (reading 'userId')
    at handleLosers (G:\mazadat\sockets\notifications.js:2989:34)
    at processEndingSubcategories (G:\mazadat\sockets\notifications.js:2874:13)
    at process.processTicksAndRejections (node:internal/process/task_queues:95:5)
    at async notifyAuctionEvents (G:\mazadat\sockets\notifications.js:2809:5)
2024-06-27T07:49:33.822Z error: TypeError: Cannot read properties of undefined (reading 'userId')
    at handleLosers (G:\mazadat\sockets\notifications.js:2989:34)
    at processEndingSubcategories (G:\mazadat\sockets\notifications.js:2874:13)
    at process.processTicksAndRejections (node:internal/process/task_queues:95:5)
    at async notifyAuctionEvents (G:\mazadat\sockets\notifications.js:2809:5)
2024-06-27T07:49:49.714Z error: TypeError: Cannot read properties of undefined (reading 'userId')
    at handleLosers (G:\mazadat\sockets\notifications.js:2989:34)
    at processEndingSubcategories (G:\mazadat\sockets\notifications.js:2874:13)
    at process.processTicksAndRejections (node:internal/process/task_queues:95:5)
    at async notifyAuctionEvents (G:\mazadat\sockets\notifications.js:2809:5)
2024-06-27T07:52:22.176Z error: TypeError: Cannot read properties of undefined (reading 'userId')
    at handleLosers (G:\mazadat\sockets\notifications.js:2989:34)
    at processEndingSubcategories (G:\mazadat\sockets\notifications.js:2874:13)
    at process.processTicksAndRejections (node:internal/process/task_queues:95:5)
    at async notifyAuctionEvents (G:\mazadat\sockets\notifications.js:2809:5)
2024-06-27T07:52:30.256Z error: TypeError: Cannot read properties of undefined (reading 'userId')
    at handleLosers (G:\mazadat\sockets\notifications.js:2989:34)
    at processEndingSubcategories (G:\mazadat\sockets\notifications.js:2874:13)
    at process.processTicksAndRejections (node:internal/process/task_queues:95:5)
    at async notifyAuctionEvents (G:\mazadat\sockets\notifications.js:2809:5)
2024-06-27T07:52:40.262Z error: TypeError: Cannot read properties of undefined (reading 'userId')
    at handleLosers (G:\mazadat\sockets\notifications.js:2989:34)
    at processEndingSubcategories (G:\mazadat\sockets\notifications.js:2874:13)
    at process.processTicksAndRejections (node:internal/process/task_queues:95:5)
    at async notifyAuctionEvents (G:\mazadat\sockets\notifications.js:2809:5)
2024-06-27T09:05:16.665Z error: MongoServerError: E11000 duplicate key error collection: test.subcategoryresults index: userId_1_subcategory_1_status_1 dup key: { userId: ObjectId('664aeb75feb87b3a9a7f3b49'), subcategory: ObjectId('667abdb32b750f051b38b08a'), status: "winner" }
    at InsertOneOperation.execute (G:\mazadat\node_modules\mongodb\lib\operations\insert.js:51:19)
    at process.processTicksAndRejections (node:internal/process/task_queues:95:5)
    at async executeOperation (G:\mazadat\node_modules\mongodb\lib\operations\execute_operation.js:126:16)
2024-06-27T09:06:16.520Z error: MongoServerError: E11000 duplicate key error collection: test.subcategoryresults index: userId_1_subcategory_1_status_1 dup key: { userId: ObjectId('664aeb75feb87b3a9a7f3b49'), subcategory: ObjectId('667abdb32b750f051b38b08a'), status: "loser" }
    at InsertOneOperation.execute (G:\mazadat\node_modules\mongodb\lib\operations\insert.js:51:19)
    at process.processTicksAndRejections (node:internal/process/task_queues:95:5)
    at async executeOperation (G:\mazadat\node_modules\mongodb\lib\operations\execute_operation.js:126:16)
2024-06-27T09:07:16.577Z error: MongoServerError: E11000 duplicate key error collection: test.subcategoryresults index: userId_1_subcategory_1_status_1 dup key: { userId: ObjectId('664aeb75feb87b3a9a7f3b49'), subcategory: ObjectId('667abdb32b750f051b38b08a'), status: "winner" }
    at InsertOneOperation.execute (G:\mazadat\node_modules\mongodb\lib\operations\insert.js:51:19)
    at process.processTicksAndRejections (node:internal/process/task_queues:95:5)
    at async executeOperation (G:\mazadat\node_modules\mongodb\lib\operations\execute_operation.js:126:16)
2024-06-27T09:08:16.663Z error: MongoServerError: E11000 duplicate key error collection: test.subcategoryresults index: userId_1_subcategory_1_status_1 dup key: { userId: ObjectId('664aeb75feb87b3a9a7f3b49'), subcategory: ObjectId('667abdb32b750f051b38b08a'), status: "winner" }
    at InsertOneOperation.execute (G:\mazadat\node_modules\mongodb\lib\operations\insert.js:51:19)
    at process.processTicksAndRejections (node:internal/process/task_queues:95:5)
    at async executeOperation (G:\mazadat\node_modules\mongodb\lib\operations\execute_operation.js:126:16)
2024-06-27T09:09:17.372Z error: MongoServerError: E11000 duplicate key error collection: test.subcategoryresults index: userId_1_subcategory_1_status_1 dup key: { userId: ObjectId('664aeb75feb87b3a9a7f3b49'), subcategory: ObjectId('667abdb32b750f051b38b08a'), status: "loser" }
    at InsertOneOperation.execute (G:\mazadat\node_modules\mongodb\lib\operations\insert.js:51:19)
    at process.processTicksAndRejections (node:internal/process/task_queues:95:5)
    at async executeOperation (G:\mazadat\node_modules\mongodb\lib\operations\execute_operation.js:126:16)
2024-06-27T09:10:18.585Z error: MongoServerError: E11000 duplicate key error collection: test.subcategoryresults index: userId_1_subcategory_1_status_1 dup key: { userId: ObjectId('664aeb75feb87b3a9a7f3b49'), subcategory: ObjectId('667abdb32b750f051b38b08a'), status: "loser" }
    at InsertOneOperation.execute (G:\mazadat\node_modules\mongodb\lib\operations\insert.js:51:19)
    at process.processTicksAndRejections (node:internal/process/task_queues:95:5)
    at async executeOperation (G:\mazadat\node_modules\mongodb\lib\operations\execute_operation.js:126:16)
2024-06-27T09:11:57.381Z error: MongoServerError: E11000 duplicate key error collection: test.subcategoryresults index: userId_1_subcategory_1_status_1 dup key: { userId: ObjectId('664aeb75feb87b3a9a7f3b49'), subcategory: ObjectId('667abdb32b750f051b38b08a'), status: "loser" }
    at InsertOneOperation.execute (G:\mazadat\node_modules\mongodb\lib\operations\insert.js:51:19)
    at process.processTicksAndRejections (node:internal/process/task_queues:95:5)
    at async executeOperation (G:\mazadat\node_modules\mongodb\lib\operations\execute_operation.js:126:16)
2024-06-27T09:12:57.304Z error: MongoServerError: E11000 duplicate key error collection: test.subcategoryresults index: userId_1_subcategory_1_status_1 dup key: { userId: ObjectId('664aeb75feb87b3a9a7f3b49'), subcategory: ObjectId('667abdb32b750f051b38b08a'), status: "winner" }
    at InsertOneOperation.execute (G:\mazadat\node_modules\mongodb\lib\operations\insert.js:51:19)
    at process.processTicksAndRejections (node:internal/process/task_queues:95:5)
    at async executeOperation (G:\mazadat\node_modules\mongodb\lib\operations\execute_operation.js:126:16)
2024-06-27T09:13:57.209Z error: MongoServerError: E11000 duplicate key error collection: test.subcategoryresults index: userId_1_subcategory_1_status_1 dup key: { userId: ObjectId('664aeb75feb87b3a9a7f3b49'), subcategory: ObjectId('667abdb32b750f051b38b08a'), status: "winner" }
    at InsertOneOperation.execute (G:\mazadat\node_modules\mongodb\lib\operations\insert.js:51:19)
    at process.processTicksAndRejections (node:internal/process/task_queues:95:5)
    at async executeOperation (G:\mazadat\node_modules\mongodb\lib\operations\execute_operation.js:126:16)
2024-06-27T09:15:56.663Z error: MongoServerError: E11000 duplicate key error collection: test.subcategoryresults index: userId_1_subcategory_1_status_1 dup key: { userId: ObjectId('664aeb75feb87b3a9a7f3b49'), subcategory: ObjectId('667abdb32b750f051b38b08a'), status: "winner" }
    at InsertOneOperation.execute (G:\mazadat\node_modules\mongodb\lib\operations\insert.js:51:19)
    at process.processTicksAndRejections (node:internal/process/task_queues:95:5)
    at async executeOperation (G:\mazadat\node_modules\mongodb\lib\operations\execute_operation.js:126:16)
2024-06-27T09:17:11.384Z error: MongoServerError: E11000 duplicate key error collection: test.subcategoryresults index: userId_1_subcategory_1_status_1 dup key: { userId: ObjectId('664aeb75feb87b3a9a7f3b49'), subcategory: ObjectId('667abdb32b750f051b38b08a'), status: "winner" }
    at InsertOneOperation.execute (G:\mazadat\node_modules\mongodb\lib\operations\insert.js:51:19)
    at process.processTicksAndRejections (node:internal/process/task_queues:95:5)
    at async executeOperation (G:\mazadat\node_modules\mongodb\lib\operations\execute_operation.js:126:16)
2024-06-27T09:18:11.372Z error: MongoServerError: E11000 duplicate key error collection: test.subcategoryresults index: userId_1_subcategory_1_status_1 dup key: { userId: ObjectId('664aeb75feb87b3a9a7f3b49'), subcategory: ObjectId('667abdb32b750f051b38b08a'), status: "winner" }
    at InsertOneOperation.execute (G:\mazadat\node_modules\mongodb\lib\operations\insert.js:51:19)
    at process.processTicksAndRejections (node:internal/process/task_queues:95:5)
    at async executeOperation (G:\mazadat\node_modules\mongodb\lib\operations\execute_operation.js:126:16)
2024-06-27T09:19:11.285Z error: MongoServerError: E11000 duplicate key error collection: test.subcategoryresults index: userId_1_subcategory_1_status_1 dup key: { userId: ObjectId('664aeb75feb87b3a9a7f3b49'), subcategory: ObjectId('667abdb32b750f051b38b08a'), status: "winner" }
    at InsertOneOperation.execute (G:\mazadat\node_modules\mongodb\lib\operations\insert.js:51:19)
    at process.processTicksAndRejections (node:internal/process/task_queues:95:5)
    at async executeOperation (G:\mazadat\node_modules\mongodb\lib\operations\execute_operation.js:126:16)
2024-06-27T09:20:11.684Z error: MongoServerError: E11000 duplicate key error collection: test.subcategoryresults index: userId_1_subcategory_1_status_1 dup key: { userId: ObjectId('664aeb75feb87b3a9a7f3b49'), subcategory: ObjectId('667abdb32b750f051b38b08a'), status: "winner" }
    at InsertOneOperation.execute (G:\mazadat\node_modules\mongodb\lib\operations\insert.js:51:19)
    at process.processTicksAndRejections (node:internal/process/task_queues:95:5)
    at async executeOperation (G:\mazadat\node_modules\mongodb\lib\operations\execute_operation.js:126:16)
2024-06-27T09:21:11.553Z error: MongoServerError: E11000 duplicate key error collection: test.subcategoryresults index: userId_1_subcategory_1_status_1 dup key: { userId: ObjectId('664aeb75feb87b3a9a7f3b49'), subcategory: ObjectId('667abdb32b750f051b38b08a'), status: "winner" }
    at InsertOneOperation.execute (G:\mazadat\node_modules\mongodb\lib\operations\insert.js:51:19)
    at process.processTicksAndRejections (node:internal/process/task_queues:95:5)
    at async executeOperation (G:\mazadat\node_modules\mongodb\lib\operations\execute_operation.js:126:16)
2024-06-27T09:22:11.458Z error: MongoServerError: E11000 duplicate key error collection: test.subcategoryresults index: userId_1_subcategory_1_status_1 dup key: { userId: ObjectId('664aeb75feb87b3a9a7f3b49'), subcategory: ObjectId('667abdb32b750f051b38b08a'), status: "winner" }
    at InsertOneOperation.execute (G:\mazadat\node_modules\mongodb\lib\operations\insert.js:51:19)
    at process.processTicksAndRejections (node:internal/process/task_queues:95:5)
    at async executeOperation (G:\mazadat\node_modules\mongodb\lib\operations\execute_operation.js:126:16)
2024-06-27T09:25:33.100Z error: MongooseError: Operation `subcategories.find()` buffering timed out after 10000ms
    at Timeout.<anonymous> (G:\mazadat\node_modules\mongoose\lib\drivers\node-mongodb-native\collection.js:185:23)
    at listOnTimeout (node:internal/timers:573:17)
    at process.processTimers (node:internal/timers:514:7)
2024-06-27T10:06:44.431Z error: MongoServerError: E11000 duplicate key error collection: test.subcategoryresults index: userId_1_subcategory_1_status_1 dup key: { userId: ObjectId('664aeb75feb87b3a9a7f3b49'), subcategory: ObjectId('667abdb32b750f051b38b08a'), status: "loser" }
    at InsertOneOperation.execute (G:\mazadat\node_modules\mongodb\lib\operations\insert.js:51:19)
    at process.processTicksAndRejections (node:internal/process/task_queues:95:5)
    at async executeOperation (G:\mazadat\node_modules\mongodb\lib\operations\execute_operation.js:126:16)
2024-06-27T10:07:41.898Z error: MongoServerError: E11000 duplicate key error collection: test.subcategoryresults index: userId_1_subcategory_1_status_1 dup key: { userId: ObjectId('664aeb75feb87b3a9a7f3b49'), subcategory: ObjectId('667abdb32b750f051b38b08a'), status: "winner" }
    at InsertOneOperation.execute (G:\mazadat\node_modules\mongodb\lib\operations\insert.js:51:19)
    at process.processTicksAndRejections (node:internal/process/task_queues:95:5)
    at async executeOperation (G:\mazadat\node_modules\mongodb\lib\operations\execute_operation.js:126:16)
2024-06-27T10:08:45.018Z error: MongoServerError: E11000 duplicate key error collection: test.subcategoryresults index: userId_1_subcategory_1_status_1 dup key: { userId: ObjectId('664aeb75feb87b3a9a7f3b49'), subcategory: ObjectId('667abdb32b750f051b38b08a'), status: "winner" }
    at InsertOneOperation.execute (G:\mazadat\node_modules\mongodb\lib\operations\insert.js:51:19)
    at process.processTicksAndRejections (node:internal/process/task_queues:95:5)
    at async executeOperation (G:\mazadat\node_modules\mongodb\lib\operations\execute_operation.js:126:16)
2024-06-27T10:09:45.312Z error: MongoServerError: E11000 duplicate key error collection: test.subcategoryresults index: userId_1_subcategory_1_status_1 dup key: { userId: ObjectId('664aeb75feb87b3a9a7f3b49'), subcategory: ObjectId('667abdb32b750f051b38b08a'), status: "winner" }
    at InsertOneOperation.execute (G:\mazadat\node_modules\mongodb\lib\operations\insert.js:51:19)
    at process.processTicksAndRejections (node:internal/process/task_queues:95:5)
    at async executeOperation (G:\mazadat\node_modules\mongodb\lib\operations\execute_operation.js:126:16)
2024-06-27T10:10:43.209Z error: MongoServerError: E11000 duplicate key error collection: test.subcategoryresults index: userId_1_subcategory_1_status_1 dup key: { userId: ObjectId('664aeb75feb87b3a9a7f3b49'), subcategory: ObjectId('667abdb32b750f051b38b08a'), status: "loser" }
    at InsertOneOperation.execute (G:\mazadat\node_modules\mongodb\lib\operations\insert.js:51:19)
    at process.processTicksAndRejections (node:internal/process/task_queues:95:5)
    at async executeOperation (G:\mazadat\node_modules\mongodb\lib\operations\execute_operation.js:126:16)
2024-06-27T10:11:41.205Z error: MongoServerError: E11000 duplicate key error collection: test.subcategoryresults index: userId_1_subcategory_1_status_1 dup key: { userId: ObjectId('664aeb75feb87b3a9a7f3b49'), subcategory: ObjectId('667abdb32b750f051b38b08a'), status: "winner" }
    at InsertOneOperation.execute (G:\mazadat\node_modules\mongodb\lib\operations\insert.js:51:19)
    at process.processTicksAndRejections (node:internal/process/task_queues:95:5)
    at async executeOperation (G:\mazadat\node_modules\mongodb\lib\operations\execute_operation.js:126:16)
2024-06-27T10:12:42.638Z error: MongoServerError: E11000 duplicate key error collection: test.subcategoryresults index: userId_1_subcategory_1_status_1 dup key: { userId: ObjectId('664aeb75feb87b3a9a7f3b49'), subcategory: ObjectId('667abdb32b750f051b38b08a'), status: "winner" }
    at InsertOneOperation.execute (G:\mazadat\node_modules\mongodb\lib\operations\insert.js:51:19)
    at process.processTicksAndRejections (node:internal/process/task_queues:95:5)
    at async executeOperation (G:\mazadat\node_modules\mongodb\lib\operations\execute_operation.js:126:16)
2024-06-27T10:13:41.766Z error: MongoServerError: E11000 duplicate key error collection: test.subcategoryresults index: userId_1_subcategory_1_status_1 dup key: { userId: ObjectId('664aeb75feb87b3a9a7f3b49'), subcategory: ObjectId('667abdb32b750f051b38b08a'), status: "winner" }
    at InsertOneOperation.execute (G:\mazadat\node_modules\mongodb\lib\operations\insert.js:51:19)
    at process.processTicksAndRejections (node:internal/process/task_queues:95:5)
    at async executeOperation (G:\mazadat\node_modules\mongodb\lib\operations\execute_operation.js:126:16)
2024-06-27T10:14:43.387Z error: MongoServerError: E11000 duplicate key error collection: test.subcategoryresults index: userId_1_subcategory_1_status_1 dup key: { userId: ObjectId('664aeb75feb87b3a9a7f3b49'), subcategory: ObjectId('667abdb32b750f051b38b08a'), status: "loser" }
    at InsertOneOperation.execute (G:\mazadat\node_modules\mongodb\lib\operations\insert.js:51:19)
    at process.processTicksAndRejections (node:internal/process/task_queues:95:5)
    at async executeOperation (G:\mazadat\node_modules\mongodb\lib\operations\execute_operation.js:126:16)
2024-06-27T10:15:42.488Z error: MongoServerError: E11000 duplicate key error collection: test.subcategoryresults index: userId_1_subcategory_1_status_1 dup key: { userId: ObjectId('664aeb75feb87b3a9a7f3b49'), subcategory: ObjectId('667abdb32b750f051b38b08a'), status: "winner" }
    at InsertOneOperation.execute (G:\mazadat\node_modules\mongodb\lib\operations\insert.js:51:19)
    at process.processTicksAndRejections (node:internal/process/task_queues:95:5)
    at async executeOperation (G:\mazadat\node_modules\mongodb\lib\operations\execute_operation.js:126:16)
2024-06-27T10:32:03.343Z error: Error: read ECONNRESET
    at TLSWrap.onStreamRead (node:internal/stream_base_commons:217:20)
2024-06-27T10:33:14.153Z error: MongoServerSelectionError: getaddrinfo ENOTFOUND ac-wlue6z6-shard-00-02.a93vbj1.mongodb.net
    at EventTarget.<anonymous> (G:\mazadat\node_modules\mongodb\lib\sdam\topology.js:289:34)
    at [nodejs.internal.kHybridDispatch] (node:internal/event_target:826:20)
    at EventTarget.dispatchEvent (node:internal/event_target:761:26)
    at abortSignal (node:internal/abort_controller:371:10)
    at TimeoutController.abort (node:internal/abort_controller:393:5)
    at Timeout.<anonymous> (G:\mazadat\node_modules\mongodb\lib\utils.js:976:92)
    at listOnTimeout (node:internal/timers:573:17)
    at process.processTimers (node:internal/timers:514:7)
2024-06-27T10:34:14.140Z error: MongoServerSelectionError: getaddrinfo ENOTFOUND ac-wlue6z6-shard-00-02.a93vbj1.mongodb.net
    at EventTarget.<anonymous> (G:\mazadat\node_modules\mongodb\lib\sdam\topology.js:289:34)
    at [nodejs.internal.kHybridDispatch] (node:internal/event_target:826:20)
    at EventTarget.dispatchEvent (node:internal/event_target:761:26)
    at abortSignal (node:internal/abort_controller:371:10)
    at TimeoutController.abort (node:internal/abort_controller:393:5)
    at Timeout.<anonymous> (G:\mazadat\node_modules\mongodb\lib\utils.js:976:92)
    at listOnTimeout (node:internal/timers:573:17)
    at process.processTimers (node:internal/timers:514:7)
2024-06-27T10:35:14.150Z error: MongoServerSelectionError: getaddrinfo ENOTFOUND ac-wlue6z6-shard-00-02.a93vbj1.mongodb.net
    at EventTarget.<anonymous> (G:\mazadat\node_modules\mongodb\lib\sdam\topology.js:289:34)
    at [nodejs.internal.kHybridDispatch] (node:internal/event_target:826:20)
    at EventTarget.dispatchEvent (node:internal/event_target:761:26)
    at abortSignal (node:internal/abort_controller:371:10)
    at TimeoutController.abort (node:internal/abort_controller:393:5)
    at Timeout.<anonymous> (G:\mazadat\node_modules\mongodb\lib\utils.js:976:92)
    at listOnTimeout (node:internal/timers:573:17)
    at process.processTimers (node:internal/timers:514:7)
2024-06-27T10:36:14.149Z error: MongoServerSelectionError: getaddrinfo ENOTFOUND ac-wlue6z6-shard-00-02.a93vbj1.mongodb.net
    at EventTarget.<anonymous> (G:\mazadat\node_modules\mongodb\lib\sdam\topology.js:289:34)
    at [nodejs.internal.kHybridDispatch] (node:internal/event_target:826:20)
    at EventTarget.dispatchEvent (node:internal/event_target:761:26)
    at abortSignal (node:internal/abort_controller:371:10)
    at TimeoutController.abort (node:internal/abort_controller:393:5)
    at Timeout.<anonymous> (G:\mazadat\node_modules\mongodb\lib\utils.js:976:92)
    at listOnTimeout (node:internal/timers:573:17)
    at process.processTimers (node:internal/timers:514:7)
2024-06-27T10:37:14.148Z error: MongoServerSelectionError: getaddrinfo ENOTFOUND ac-wlue6z6-shard-00-02.a93vbj1.mongodb.net
    at EventTarget.<anonymous> (G:\mazadat\node_modules\mongodb\lib\sdam\topology.js:289:34)
    at [nodejs.internal.kHybridDispatch] (node:internal/event_target:826:20)
    at EventTarget.dispatchEvent (node:internal/event_target:761:26)
    at abortSignal (node:internal/abort_controller:371:10)
    at TimeoutController.abort (node:internal/abort_controller:393:5)
    at Timeout.<anonymous> (G:\mazadat\node_modules\mongodb\lib\utils.js:976:92)
    at listOnTimeout (node:internal/timers:573:17)
    at process.processTimers (node:internal/timers:514:7)
2024-06-27T10:38:14.154Z error: MongoServerSelectionError: getaddrinfo ENOTFOUND ac-wlue6z6-shard-00-02.a93vbj1.mongodb.net
    at EventTarget.<anonymous> (G:\mazadat\node_modules\mongodb\lib\sdam\topology.js:289:34)
    at [nodejs.internal.kHybridDispatch] (node:internal/event_target:826:20)
    at EventTarget.dispatchEvent (node:internal/event_target:761:26)
    at abortSignal (node:internal/abort_controller:371:10)
    at TimeoutController.abort (node:internal/abort_controller:393:5)
    at Timeout.<anonymous> (G:\mazadat\node_modules\mongodb\lib\utils.js:976:92)
    at listOnTimeout (node:internal/timers:573:17)
    at process.processTimers (node:internal/timers:514:7)
2024-06-27T10:39:14.156Z error: MongoServerSelectionError: getaddrinfo ENOTFOUND ac-wlue6z6-shard-00-02.a93vbj1.mongodb.net
    at EventTarget.<anonymous> (G:\mazadat\node_modules\mongodb\lib\sdam\topology.js:289:34)
    at [nodejs.internal.kHybridDispatch] (node:internal/event_target:826:20)
    at EventTarget.dispatchEvent (node:internal/event_target:761:26)
    at abortSignal (node:internal/abort_controller:371:10)
    at TimeoutController.abort (node:internal/abort_controller:393:5)
    at Timeout.<anonymous> (G:\mazadat\node_modules\mongodb\lib\utils.js:976:92)
    at listOnTimeout (node:internal/timers:573:17)
    at process.processTimers (node:internal/timers:514:7)
2024-06-27T10:40:14.150Z error: MongoServerSelectionError: getaddrinfo ENOTFOUND ac-wlue6z6-shard-00-02.a93vbj1.mongodb.net
    at EventTarget.<anonymous> (G:\mazadat\node_modules\mongodb\lib\sdam\topology.js:289:34)
    at [nodejs.internal.kHybridDispatch] (node:internal/event_target:826:20)
    at EventTarget.dispatchEvent (node:internal/event_target:761:26)
    at abortSignal (node:internal/abort_controller:371:10)
    at TimeoutController.abort (node:internal/abort_controller:393:5)
    at Timeout.<anonymous> (G:\mazadat\node_modules\mongodb\lib\utils.js:976:92)
    at listOnTimeout (node:internal/timers:573:17)
    at process.processTimers (node:internal/timers:514:7)
2024-06-27T10:41:14.149Z error: MongoServerSelectionError: getaddrinfo ENOTFOUND ac-wlue6z6-shard-00-02.a93vbj1.mongodb.net
    at EventTarget.<anonymous> (G:\mazadat\node_modules\mongodb\lib\sdam\topology.js:289:34)
    at [nodejs.internal.kHybridDispatch] (node:internal/event_target:826:20)
    at EventTarget.dispatchEvent (node:internal/event_target:761:26)
    at abortSignal (node:internal/abort_controller:371:10)
    at TimeoutController.abort (node:internal/abort_controller:393:5)
    at Timeout.<anonymous> (G:\mazadat\node_modules\mongodb\lib\utils.js:976:92)
    at listOnTimeout (node:internal/timers:573:17)
    at process.processTimers (node:internal/timers:514:7)
2024-06-27T10:42:14.156Z error: MongoServerSelectionError: getaddrinfo ENOTFOUND ac-wlue6z6-shard-00-02.a93vbj1.mongodb.net
    at EventTarget.<anonymous> (G:\mazadat\node_modules\mongodb\lib\sdam\topology.js:289:34)
    at [nodejs.internal.kHybridDispatch] (node:internal/event_target:826:20)
    at EventTarget.dispatchEvent (node:internal/event_target:761:26)
    at abortSignal (node:internal/abort_controller:371:10)
    at TimeoutController.abort (node:internal/abort_controller:393:5)
    at Timeout.<anonymous> (G:\mazadat\node_modules\mongodb\lib\utils.js:976:92)
    at listOnTimeout (node:internal/timers:573:17)
    at process.processTimers (node:internal/timers:514:7)
2024-06-27T10:43:14.165Z error: MongoServerSelectionError: getaddrinfo ENOTFOUND ac-wlue6z6-shard-00-02.a93vbj1.mongodb.net
    at EventTarget.<anonymous> (G:\mazadat\node_modules\mongodb\lib\sdam\topology.js:289:34)
    at [nodejs.internal.kHybridDispatch] (node:internal/event_target:826:20)
    at EventTarget.dispatchEvent (node:internal/event_target:761:26)
    at abortSignal (node:internal/abort_controller:371:10)
    at TimeoutController.abort (node:internal/abort_controller:393:5)
    at Timeout.<anonymous> (G:\mazadat\node_modules\mongodb\lib\utils.js:976:92)
    at listOnTimeout (node:internal/timers:573:17)
    at process.processTimers (node:internal/timers:514:7)
2024-06-27T10:44:14.176Z error: MongoServerSelectionError: getaddrinfo ENOTFOUND ac-wlue6z6-shard-00-02.a93vbj1.mongodb.net
    at EventTarget.<anonymous> (G:\mazadat\node_modules\mongodb\lib\sdam\topology.js:289:34)
    at [nodejs.internal.kHybridDispatch] (node:internal/event_target:826:20)
    at EventTarget.dispatchEvent (node:internal/event_target:761:26)
    at abortSignal (node:internal/abort_controller:371:10)
    at TimeoutController.abort (node:internal/abort_controller:393:5)
    at Timeout.<anonymous> (G:\mazadat\node_modules\mongodb\lib\utils.js:976:92)
    at listOnTimeout (node:internal/timers:573:17)
    at process.processTimers (node:internal/timers:514:7)
2024-06-27T10:45:14.192Z error: MongoServerSelectionError: getaddrinfo ENOTFOUND ac-wlue6z6-shard-00-02.a93vbj1.mongodb.net
    at EventTarget.<anonymous> (G:\mazadat\node_modules\mongodb\lib\sdam\topology.js:289:34)
    at [nodejs.internal.kHybridDispatch] (node:internal/event_target:826:20)
    at EventTarget.dispatchEvent (node:internal/event_target:761:26)
    at abortSignal (node:internal/abort_controller:371:10)
    at TimeoutController.abort (node:internal/abort_controller:393:5)
    at Timeout.<anonymous> (G:\mazadat\node_modules\mongodb\lib\utils.js:976:92)
    at listOnTimeout (node:internal/timers:573:17)
    at process.processTimers (node:internal/timers:514:7)
2024-06-27T10:46:14.209Z error: MongoServerSelectionError: getaddrinfo ENOTFOUND ac-wlue6z6-shard-00-02.a93vbj1.mongodb.net
    at EventTarget.<anonymous> (G:\mazadat\node_modules\mongodb\lib\sdam\topology.js:289:34)
    at [nodejs.internal.kHybridDispatch] (node:internal/event_target:826:20)
    at EventTarget.dispatchEvent (node:internal/event_target:761:26)
    at abortSignal (node:internal/abort_controller:371:10)
    at TimeoutController.abort (node:internal/abort_controller:393:5)
    at Timeout.<anonymous> (G:\mazadat\node_modules\mongodb\lib\utils.js:976:92)
    at listOnTimeout (node:internal/timers:573:17)
    at process.processTimers (node:internal/timers:514:7)
2024-06-27T10:47:14.218Z error: MongoServerSelectionError: getaddrinfo ENOTFOUND ac-wlue6z6-shard-00-02.a93vbj1.mongodb.net
    at EventTarget.<anonymous> (G:\mazadat\node_modules\mongodb\lib\sdam\topology.js:289:34)
    at [nodejs.internal.kHybridDispatch] (node:internal/event_target:826:20)
    at EventTarget.dispatchEvent (node:internal/event_target:761:26)
    at abortSignal (node:internal/abort_controller:371:10)
    at TimeoutController.abort (node:internal/abort_controller:393:5)
    at Timeout.<anonymous> (G:\mazadat\node_modules\mongodb\lib\utils.js:976:92)
    at listOnTimeout (node:internal/timers:573:17)
    at process.processTimers (node:internal/timers:514:7)
2024-06-27T10:48:14.212Z error: MongoServerSelectionError: getaddrinfo ENOTFOUND ac-wlue6z6-shard-00-02.a93vbj1.mongodb.net
    at EventTarget.<anonymous> (G:\mazadat\node_modules\mongodb\lib\sdam\topology.js:289:34)
    at [nodejs.internal.kHybridDispatch] (node:internal/event_target:826:20)
    at EventTarget.dispatchEvent (node:internal/event_target:761:26)
    at abortSignal (node:internal/abort_controller:371:10)
    at TimeoutController.abort (node:internal/abort_controller:393:5)
    at Timeout.<anonymous> (G:\mazadat\node_modules\mongodb\lib\utils.js:976:92)
    at listOnTimeout (node:internal/timers:573:17)
    at process.processTimers (node:internal/timers:514:7)
2024-06-27T10:49:14.218Z error: MongoServerSelectionError: getaddrinfo ENOTFOUND ac-wlue6z6-shard-00-02.a93vbj1.mongodb.net
    at EventTarget.<anonymous> (G:\mazadat\node_modules\mongodb\lib\sdam\topology.js:289:34)
    at [nodejs.internal.kHybridDispatch] (node:internal/event_target:826:20)
    at EventTarget.dispatchEvent (node:internal/event_target:761:26)
    at abortSignal (node:internal/abort_controller:371:10)
    at TimeoutController.abort (node:internal/abort_controller:393:5)
    at Timeout.<anonymous> (G:\mazadat\node_modules\mongodb\lib\utils.js:976:92)
    at listOnTimeout (node:internal/timers:573:17)
    at process.processTimers (node:internal/timers:514:7)
2024-06-27T10:50:14.237Z error: MongoServerSelectionError: getaddrinfo ENOTFOUND ac-wlue6z6-shard-00-02.a93vbj1.mongodb.net
    at EventTarget.<anonymous> (G:\mazadat\node_modules\mongodb\lib\sdam\topology.js:289:34)
    at [nodejs.internal.kHybridDispatch] (node:internal/event_target:826:20)
    at EventTarget.dispatchEvent (node:internal/event_target:761:26)
    at abortSignal (node:internal/abort_controller:371:10)
    at TimeoutController.abort (node:internal/abort_controller:393:5)
    at Timeout.<anonymous> (G:\mazadat\node_modules\mongodb\lib\utils.js:976:92)
    at listOnTimeout (node:internal/timers:573:17)
    at process.processTimers (node:internal/timers:514:7)
2024-06-27T10:51:14.246Z error: MongoServerSelectionError: getaddrinfo ENOTFOUND ac-wlue6z6-shard-00-02.a93vbj1.mongodb.net
    at EventTarget.<anonymous> (G:\mazadat\node_modules\mongodb\lib\sdam\topology.js:289:34)
    at [nodejs.internal.kHybridDispatch] (node:internal/event_target:826:20)
    at EventTarget.dispatchEvent (node:internal/event_target:761:26)
    at abortSignal (node:internal/abort_controller:371:10)
    at TimeoutController.abort (node:internal/abort_controller:393:5)
    at Timeout.<anonymous> (G:\mazadat\node_modules\mongodb\lib\utils.js:976:92)
    at listOnTimeout (node:internal/timers:573:17)
    at process.processTimers (node:internal/timers:514:7)
2024-06-27T10:52:14.255Z error: MongoServerSelectionError: getaddrinfo ENOTFOUND ac-wlue6z6-shard-00-02.a93vbj1.mongodb.net
    at EventTarget.<anonymous> (G:\mazadat\node_modules\mongodb\lib\sdam\topology.js:289:34)
    at [nodejs.internal.kHybridDispatch] (node:internal/event_target:826:20)
    at EventTarget.dispatchEvent (node:internal/event_target:761:26)
    at abortSignal (node:internal/abort_controller:371:10)
    at TimeoutController.abort (node:internal/abort_controller:393:5)
    at Timeout.<anonymous> (G:\mazadat\node_modules\mongodb\lib\utils.js:976:92)
    at listOnTimeout (node:internal/timers:573:17)
    at process.processTimers (node:internal/timers:514:7)
2024-06-27T10:53:14.263Z error: MongoServerSelectionError: getaddrinfo ENOTFOUND ac-wlue6z6-shard-00-02.a93vbj1.mongodb.net
    at EventTarget.<anonymous> (G:\mazadat\node_modules\mongodb\lib\sdam\topology.js:289:34)
    at [nodejs.internal.kHybridDispatch] (node:internal/event_target:826:20)
    at EventTarget.dispatchEvent (node:internal/event_target:761:26)
    at abortSignal (node:internal/abort_controller:371:10)
    at TimeoutController.abort (node:internal/abort_controller:393:5)
    at Timeout.<anonymous> (G:\mazadat\node_modules\mongodb\lib\utils.js:976:92)
    at listOnTimeout (node:internal/timers:573:17)
    at process.processTimers (node:internal/timers:514:7)
2024-06-27T10:54:14.268Z error: MongoServerSelectionError: getaddrinfo ENOTFOUND ac-wlue6z6-shard-00-02.a93vbj1.mongodb.net
    at EventTarget.<anonymous> (G:\mazadat\node_modules\mongodb\lib\sdam\topology.js:289:34)
    at [nodejs.internal.kHybridDispatch] (node:internal/event_target:826:20)
    at EventTarget.dispatchEvent (node:internal/event_target:761:26)
    at abortSignal (node:internal/abort_controller:371:10)
    at TimeoutController.abort (node:internal/abort_controller:393:5)
    at Timeout.<anonymous> (G:\mazadat\node_modules\mongodb\lib\utils.js:976:92)
    at listOnTimeout (node:internal/timers:573:17)
    at process.processTimers (node:internal/timers:514:7)
2024-06-27T10:55:14.281Z error: MongoServerSelectionError: getaddrinfo ENOTFOUND ac-wlue6z6-shard-00-02.a93vbj1.mongodb.net
    at EventTarget.<anonymous> (G:\mazadat\node_modules\mongodb\lib\sdam\topology.js:289:34)
    at [nodejs.internal.kHybridDispatch] (node:internal/event_target:826:20)
    at EventTarget.dispatchEvent (node:internal/event_target:761:26)
    at abortSignal (node:internal/abort_controller:371:10)
    at TimeoutController.abort (node:internal/abort_controller:393:5)
    at Timeout.<anonymous> (G:\mazadat\node_modules\mongodb\lib\utils.js:976:92)
    at listOnTimeout (node:internal/timers:573:17)
    at process.processTimers (node:internal/timers:514:7)
2024-06-27T10:56:14.290Z error: MongoServerSelectionError: getaddrinfo ENOTFOUND ac-wlue6z6-shard-00-02.a93vbj1.mongodb.net
    at EventTarget.<anonymous> (G:\mazadat\node_modules\mongodb\lib\sdam\topology.js:289:34)
    at [nodejs.internal.kHybridDispatch] (node:internal/event_target:826:20)
    at EventTarget.dispatchEvent (node:internal/event_target:761:26)
    at abortSignal (node:internal/abort_controller:371:10)
    at TimeoutController.abort (node:internal/abort_controller:393:5)
    at Timeout.<anonymous> (G:\mazadat\node_modules\mongodb\lib\utils.js:976:92)
    at listOnTimeout (node:internal/timers:573:17)
    at process.processTimers (node:internal/timers:514:7)
2024-06-27T11:10:35.803Z error: MongooseError: Operation `subcategories.find()` buffering timed out after 10000ms
    at Timeout.<anonymous> (G:\mazadat\node_modules\mongoose\lib\drivers\node-mongodb-native\collection.js:185:23)
    at listOnTimeout (node:internal/timers:573:17)
    at process.processTimers (node:internal/timers:514:7)
2024-06-27T11:11:35.223Z error: MongooseError: Operation `subcategories.find()` buffering timed out after 10000ms
    at Timeout.<anonymous> (G:\mazadat\node_modules\mongoose\lib\drivers\node-mongodb-native\collection.js:185:23)
    at listOnTimeout (node:internal/timers:573:17)
    at process.processTimers (node:internal/timers:514:7)
2024-06-29T07:28:45.740Z error: Error: read ECONNRESET
    at TCP.onStreamRead (node:internal/stream_base_commons:217:20)
2024-06-29T08:12:49.396Z error: Error: read ECONNRESET
    at TCP.onStreamRead (node:internal/stream_base_commons:217:20)
2024-06-29T08:20:07.388Z error: Error: read ECONNRESET
    at TCP.onStreamRead (node:internal/stream_base_commons:217:20)
2024-07-01T09:14:35.574Z error: MongoServerSelectionError: getaddrinfo ENOTFOUND ac-wlue6z6-shard-00-00.a93vbj1.mongodb.net
    at EventTarget.<anonymous> (G:\mazadat\node_modules\mongodb\lib\sdam\topology.js:289:34)
    at [nodejs.internal.kHybridDispatch] (node:internal/event_target:826:20)
    at EventTarget.dispatchEvent (node:internal/event_target:761:26)
    at abortSignal (node:internal/abort_controller:371:10)
    at TimeoutController.abort (node:internal/abort_controller:393:5)
    at Timeout.<anonymous> (G:\mazadat\node_modules\mongodb\lib\utils.js:976:92)
    at listOnTimeout (node:internal/timers:573:17)
    at process.processTimers (node:internal/timers:514:7)
2024-07-01T10:59:02.716Z error: MongoServerSelectionError: connection <monitor> to 15.185.79.213:27017 timed out
    at EventTarget.<anonymous> (G:\mazadat\node_modules\mongodb\lib\sdam\topology.js:289:34)
    at [nodejs.internal.kHybridDispatch] (node:internal/event_target:826:20)
    at EventTarget.dispatchEvent (node:internal/event_target:761:26)
    at abortSignal (node:internal/abort_controller:371:10)
    at TimeoutController.abort (node:internal/abort_controller:393:5)
    at Timeout.<anonymous> (G:\mazadat\node_modules\mongodb\lib\utils.js:976:92)
    at listOnTimeout (node:internal/timers:573:17)
    at process.processTimers (node:internal/timers:514:7)
2024-07-02T01:16:50.171Z error: MongooseError: Operation `subcategories.find()` buffering timed out after 10000ms
    at Timeout.<anonymous> (G:\mazadat\node_modules\mongoose\lib\drivers\node-mongodb-native\collection.js:185:23)
    at listOnTimeout (node:internal/timers:573:17)
    at process.processTimers (node:internal/timers:514:7)
2024-07-02T07:08:53.058Z error: MongooseError: Operation `subcategories.find()` buffering timed out after 10000ms
    at Timeout.<anonymous> (G:\mazadat\node_modules\mongoose\lib\drivers\node-mongodb-native\collection.js:185:23)
    at listOnTimeout (node:internal/timers:573:17)
    at process.processTimers (node:internal/timers:514:7)
2024-07-02T10:25:50.854Z error: ReferenceError: amount is not defined
    at processStartingSubcategories (G:\mazadat\sockets\notifications.js:2831:33)
    at process.processTicksAndRejections (node:internal/process/task_queues:95:5)
    at async notifyAuctionEvents (G:\mazadat\sockets\notifications.js:2808:5)
2024-07-02T10:26:50.842Z error: ReferenceError: amount is not defined
    at processStartingSubcategories (G:\mazadat\sockets\notifications.js:2831:33)
    at process.processTicksAndRejections (node:internal/process/task_queues:95:5)
    at async notifyAuctionEvents (G:\mazadat\sockets\notifications.js:2808:5)
2024-07-02T10:27:50.843Z error: ReferenceError: amount is not defined
    at processStartingSubcategories (G:\mazadat\sockets\notifications.js:2831:33)
    at process.processTicksAndRejections (node:internal/process/task_queues:95:5)
    at async notifyAuctionEvents (G:\mazadat\sockets\notifications.js:2808:5)
2024-07-02T10:29:53.981Z error: Error: tokens must be a non-empty array
    at Messaging.sendMulticast (G:\mazadat\node_modules\firebase-admin\lib\messaging\messaging.js:387:19)
    at processStartingSubcategories (G:\mazadat\sockets\notifications.js:2836:25)
    at process.processTicksAndRejections (node:internal/process/task_queues:95:5)
    at async notifyAuctionEvents (G:\mazadat\sockets\notifications.js:2808:5)
2024-07-02T10:30:53.537Z error: Error: tokens must be a non-empty array
    at Messaging.sendMulticast (G:\mazadat\node_modules\firebase-admin\lib\messaging\messaging.js:387:19)
    at processStartingSubcategories (G:\mazadat\sockets\notifications.js:2836:25)
    at process.processTicksAndRejections (node:internal/process/task_queues:95:5)
    at async notifyAuctionEvents (G:\mazadat\sockets\notifications.js:2808:5)
2024-07-02T11:54:51.607Z error: MongooseError: Operation `subcategories.find()` buffering timed out after 10000ms
    at Timeout.<anonymous> (G:\mazadat\node_modules\mongoose\lib\drivers\node-mongodb-native\collection.js:185:23)
    at listOnTimeout (node:internal/timers:573:17)
    at process.processTimers (node:internal/timers:514:7)
2024-07-02T11:55:01.586Z error: MongooseError: Operation `subcategories.find()` buffering timed out after 10000ms
    at Timeout.<anonymous> (G:\mazadat\node_modules\mongoose\lib\drivers\node-mongodb-native\collection.js:185:23)
    at listOnTimeout (node:internal/timers:573:17)
    at process.processTimers (node:internal/timers:514:7)
2024-07-02T11:55:11.587Z error: MongooseError: Operation `subcategories.find()` buffering timed out after 10000ms
    at Timeout.<anonymous> (G:\mazadat\node_modules\mongoose\lib\drivers\node-mongodb-native\collection.js:185:23)
    at listOnTimeout (node:internal/timers:573:17)
    at process.processTimers (node:internal/timers:514:7)
2024-07-11T12:11:04.699Z error: MongoServerError: Transaction numbers are only allowed on a replica set member or mongos
    at Connection.sendCommand (G:\mazadat\node_modules\mongodb\lib\cmap\connection.js:281:27)
    at process.processTicksAndRejections (node:internal/process/task_queues:95:5)
    at async Connection.command (G:\mazadat\node_modules\mongodb\lib\cmap\connection.js:304:26)
    at async Server.command (G:\mazadat\node_modules\mongodb\lib\sdam\server.js:169:24)
    at async executeOperation (G:\mazadat\node_modules\mongodb\lib\operations\execute_operation.js:126:16)
    at async FindCursor._initialize (G:\mazadat\node_modules\mongodb\lib\cursor\find_cursor.js:55:26)
    at async [kInit] (G:\mazadat\node_modules\mongodb\lib\cursor\abstract_cursor.js:454:27)
    at async next (G:\mazadat\node_modules\mongodb\lib\cursor\abstract_cursor.js:514:13)
    at async [Symbol.asyncIterator] (G:\mazadat\node_modules\mongodb\lib\cursor\abstract_cursor.js:160:34)
    at async FindCursor.toArray (G:\mazadat\node_modules\mongodb\lib\cursor\abstract_cursor.js:273:26)
2024-07-24T11:00:06.503Z error: MongoServerError: Transaction numbers are only allowed on a replica set member or mongos
    at Connection.sendCommand (G:\mazadat\node_modules\mongodb\lib\cmap\connection.js:281:27)
    at process.processTicksAndRejections (node:internal/process/task_queues:95:5)
    at async Connection.command (G:\mazadat\node_modules\mongodb\lib\cmap\connection.js:304:26)
    at async Server.command (G:\mazadat\node_modules\mongodb\lib\sdam\server.js:169:24)
    at async executeOperation (G:\mazadat\node_modules\mongodb\lib\operations\execute_operation.js:126:16)
    at async FindCursor._initialize (G:\mazadat\node_modules\mongodb\lib\cursor\find_cursor.js:55:26)
    at async [kInit] (G:\mazadat\node_modules\mongodb\lib\cursor\abstract_cursor.js:454:27)
    at async next (G:\mazadat\node_modules\mongodb\lib\cursor\abstract_cursor.js:514:13)
    at async [Symbol.asyncIterator] (G:\mazadat\node_modules\mongodb\lib\cursor\abstract_cursor.js:160:34)
    at async FindCursor.toArray (G:\mazadat\node_modules\mongodb\lib\cursor\abstract_cursor.js:273:26)
2024-09-10T05:38:54.151Z error: MongoServerError: Transaction numbers are only allowed on a replica set member or mongos
    at Connection.sendCommand (G:\mazadat\node_modules\mongodb\lib\cmap\connection.js:281:27)
    at process.processTicksAndRejections (node:internal/process/task_queues:95:5)
    at async Connection.command (G:\mazadat\node_modules\mongodb\lib\cmap\connection.js:304:26)
    at async Server.command (G:\mazadat\node_modules\mongodb\lib\sdam\server.js:169:24)
    at async executeOperation (G:\mazadat\node_modules\mongodb\lib\operations\execute_operation.js:126:16)
    at async FindCursor._initialize (G:\mazadat\node_modules\mongodb\lib\cursor\find_cursor.js:55:26)
    at async [kInit] (G:\mazadat\node_modules\mongodb\lib\cursor\abstract_cursor.js:454:27)
    at async next (G:\mazadat\node_modules\mongodb\lib\cursor\abstract_cursor.js:514:13)
    at async [Symbol.asyncIterator] (G:\mazadat\node_modules\mongodb\lib\cursor\abstract_cursor.js:160:34)
    at async FindCursor.toArray (G:\mazadat\node_modules\mongodb\lib\cursor\abstract_cursor.js:273:26)
2024-09-10T06:56:50.108Z error: ReferenceError: user is not defined
    at handleLosers (G:\mazadat\sockets\notifications.js:2390:7)
    at process.processTicksAndRejections (node:internal/process/task_queues:95:5)
    at async processEndingSubcategories (G:\mazadat\sockets\notifications.js:2230:9)
    at async notifyAuctionEvents (G:\mazadat\sockets\notifications.js:2158:5)
2024-09-10T16:11:07.627Z error: Error: write ECONNRESET
    at WriteWrap.onWriteComplete [as oncomplete] (node:internal/stream_base_commons:94:16)
    at handleWriteReq (node:internal/stream_base_commons:51:26)
    at writeGeneric (node:internal/stream_base_commons:149:15)
    at Socket._writeGeneric (node:net:952:11)
    at Socket._write (node:net:964:8)
    at writeOrBuffer (node:internal/streams/writable:564:12)
    at _write (node:internal/streams/writable:493:10)
    at Writable.write (node:internal/streams/writable:502:10)
    at Connection.writeCommand (G:\mazadat\node_modules\mongodb\lib\cmap\connection.js:338:25)
    at processTicksAndRejections (node:internal/process/task_queues:95:5)
2024-09-11T07:09:19.951Z error: MongoServerError: Caused by :: Write conflict during plan execution and yielding is disabled. :: Please retry your operation or multi-document transaction.
    at Connection.sendCommand (G:\mazadat\node_modules\mongodb\lib\cmap\connection.js:281:27)
    at process.processTicksAndRejections (node:internal/process/task_queues:95:5)
    at async Connection.command (G:\mazadat\node_modules\mongodb\lib\cmap\connection.js:304:26)
    at async Server.command (G:\mazadat\node_modules\mongodb\lib\sdam\server.js:169:24)
    at async UpdateOneOperation.execute (G:\mazadat\node_modules\mongodb\lib\operations\update.js:67:21)
    at async executeOperation (G:\mazadat\node_modules\mongodb\lib\operations\execute_operation.js:126:16)
2024-09-11T07:11:40.723Z error: MongoServerError: Caused by :: Write conflict during plan execution and yielding is disabled. :: Please retry your operation or multi-document transaction.
    at Connection.sendCommand (G:\mazadat\node_modules\mongodb\lib\cmap\connection.js:281:27)
    at process.processTicksAndRejections (node:internal/process/task_queues:95:5)
    at async Connection.command (G:\mazadat\node_modules\mongodb\lib\cmap\connection.js:304:26)
    at async Server.command (G:\mazadat\node_modules\mongodb\lib\sdam\server.js:169:24)
    at async UpdateOneOperation.execute (G:\mazadat\node_modules\mongodb\lib\operations\update.js:67:21)
    at async executeOperation (G:\mazadat\node_modules\mongodb\lib\operations\execute_operation.js:126:16)
2024-09-11T08:05:15.589Z error: PoolClearedOnNetworkError: Connection to ac-wlue6z6-shard-00-01.a93vbj1.mongodb.net:27017 interrupted due to server monitor timeout
    at ConnectionPool.interruptInUseConnections (G:\mazadat\node_modules\mongodb\lib\cmap\connection_pool.js:264:36)
    at G:\mazadat\node_modules\mongodb\lib\cmap\connection_pool.js:252:41
    at processTicksAndRejections (node:internal/process/task_queues:77:11)
    at runNextTicks (node:internal/process/task_queues:64:3)
    at listOnTimeout (node:internal/timers:540:9)
    at process.processTimers (node:internal/timers:514:7)
2024-09-12T12:46:26.374Z error: MongoNetworkError: getaddrinfo ENOTFOUND ac-wlue6z6-shard-00-01.a93vbj1.mongodb.net
    at connectionFailureError (G:\mazadat\node_modules\mongodb\lib\cmap\connect.js:353:20)
    at TLSSocket.<anonymous> (G:\mazadat\node_modules\mongodb\lib\cmap\connect.js:268:44)
    at Object.onceWrapper (node:events:633:26)
    at TLSSocket.emit (node:events:518:28)
    at emitErrorNT (node:internal/streams/destroy:169:8)
    at emitErrorCloseNT (node:internal/streams/destroy:128:3)
    at process.processTicksAndRejections (node:internal/process/task_queues:82:21)
2024-09-15T03:29:46.304Z error: Error: read ECONNRESET
    at TLSWrap.onStreamRead (node:internal/stream_base_commons:217:20)
2024-09-18T11:11:50.081Z error: PoolClearedOnNetworkError: Connection to ac-wlue6z6-shard-00-01.a93vbj1.mongodb.net:27017 interrupted due to server monitor timeout
    at ConnectionPool.interruptInUseConnections (G:\mazadat\node_modules\mongodb\lib\cmap\connection_pool.js:264:36)
    at G:\mazadat\node_modules\mongodb\lib\cmap\connection_pool.js:252:41
    at processTicksAndRejections (node:internal/process/task_queues:77:11)
    at runNextTicks (node:internal/process/task_queues:64:3)
    at listOnTimeout (node:internal/timers:540:9)
    at process.processTimers (node:internal/timers:514:7)
2024-09-18T16:44:36.522Z error: Error: write ECONNRESET
    at WriteWrap.onWriteComplete [as oncomplete] (node:internal/stream_base_commons:94:16)
    at handleWriteReq (node:internal/stream_base_commons:51:26)
    at writeGeneric (node:internal/stream_base_commons:149:15)
    at Socket._writeGeneric (node:net:952:11)
    at Socket._write (node:net:964:8)
    at writeOrBuffer (node:internal/streams/writable:564:12)
    at _write (node:internal/streams/writable:493:10)
    at Writable.write (node:internal/streams/writable:502:10)
    at Connection.writeCommand (G:\mazadat\node_modules\mongodb\lib\cmap\connection.js:338:25)
    at processTicksAndRejections (node:internal/process/task_queues:95:5)
2024-09-19T10:12:32.171Z error: PoolClearedOnNetworkError: Connection to ac-wlue6z6-shard-00-01.a93vbj1.mongodb.net:27017 interrupted due to server monitor timeout
    at ConnectionPool.interruptInUseConnections (G:\mazadat\node_modules\mongodb\lib\cmap\connection_pool.js:264:36)
    at G:\mazadat\node_modules\mongodb\lib\cmap\connection_pool.js:252:41
    at process.processTicksAndRejections (node:internal/process/task_queues:77:11)
2024-09-23T16:22:53.978Z error: PoolClearedOnNetworkError: Connection to ac-wlue6z6-shard-00-01.a93vbj1.mongodb.net:27017 interrupted due to server monitor timeout
    at ConnectionPool.interruptInUseConnections (G:\mazadat\node_modules\mongodb\lib\cmap\connection_pool.js:264:36)
    at G:\mazadat\node_modules\mongodb\lib\cmap\connection_pool.js:252:41
    at processTicksAndRejections (node:internal/process/task_queues:77:11)
    at runNextTicks (node:internal/process/task_queues:64:3)
    at listOnTimeout (node:internal/timers:540:9)
    at process.processTimers (node:internal/timers:514:7)
2024-09-26T07:54:37.477Z error: MongoNetworkError: connect ECONNREFUSED 192.168.1.1:27017
    at connectionFailureError (G:\mazadat\node_modules\mongodb\lib\cmap\connect.js:353:20)
    at TLSSocket.<anonymous> (G:\mazadat\node_modules\mongodb\lib\cmap\connect.js:268:44)
    at Object.onceWrapper (node:events:633:26)
    at TLSSocket.emit (node:events:518:28)
    at emitErrorNT (node:internal/streams/destroy:169:8)
    at emitErrorCloseNT (node:internal/streams/destroy:128:3)
    at process.processTicksAndRejections (node:internal/process/task_queues:82:21)
2024-10-02T05:03:49.906Z error: Error: read ECONNRESET
    at TLSWrap.onStreamRead (node:internal/stream_base_commons:217:20)
2024-10-02T05:16:09.517Z error: Error: Requested entity was not found.
    at FirebaseMessagingError.fromServerError (G:\mazadat\node_modules\firebase-admin\lib\utils\error.js:269:16)
    at createFirebaseError (G:\mazadat\node_modules\firebase-admin\lib\messaging\messaging-errors-internal.js:35:47)
    at G:\mazadat\node_modules\firebase-admin\lib\messaging\messaging-api-request-internal.js:79:75
    at process.processTicksAndRejections (node:internal/process/task_queues:95:5)
    at async handleLosers (G:\mazadat\sockets\notifications.js:2696:9)
    at async processEndingSubcategories (G:\mazadat\sockets\notifications.js:2407:9)
    at async notifyAuctionEvents (G:\mazadat\sockets\notifications.js:2158:5)
2024-10-02T05:17:59.633Z error: MongoServerError: Caused by :: Write conflict during plan execution and yielding is disabled. :: Please retry your operation or multi-document transaction.
    at Connection.sendCommand (G:\mazadat\node_modules\mongodb\lib\cmap\connection.js:281:27)
    at process.processTicksAndRejections (node:internal/process/task_queues:95:5)
    at async Connection.command (G:\mazadat\node_modules\mongodb\lib\cmap\connection.js:304:26)
    at async Server.command (G:\mazadat\node_modules\mongodb\lib\sdam\server.js:169:24)
    at async UpdateOneOperation.execute (G:\mazadat\node_modules\mongodb\lib\operations\update.js:67:21)
    at async executeOperation (G:\mazadat\node_modules\mongodb\lib\operations\execute_operation.js:126:16)
2024-10-02T06:03:51.534Z error: MongoServerError: Caused by :: Write conflict during plan execution and yielding is disabled. :: Please retry your operation or multi-document transaction.
    at Connection.sendCommand (G:\mazadat\node_modules\mongodb\lib\cmap\connection.js:281:27)
    at process.processTicksAndRejections (node:internal/process/task_queues:95:5)
    at async Connection.command (G:\mazadat\node_modules\mongodb\lib\cmap\connection.js:304:26)
    at async Server.command (G:\mazadat\node_modules\mongodb\lib\sdam\server.js:169:24)
    at async UpdateOneOperation.execute (G:\mazadat\node_modules\mongodb\lib\operations\update.js:67:21)
    at async executeOperation (G:\mazadat\node_modules\mongodb\lib\operations\execute_operation.js:126:16)
2024-10-02T06:34:28.251Z error: PoolClearedOnNetworkError: Connection to ac-wlue6z6-shard-00-01.a93vbj1.mongodb.net:27017 interrupted due to server monitor timeout
    at ConnectionPool.interruptInUseConnections (G:\mazadat\node_modules\mongodb\lib\cmap\connection_pool.js:264:36)
    at G:\mazadat\node_modules\mongodb\lib\cmap\connection_pool.js:252:41
    at process.processTicksAndRejections (node:internal/process/task_queues:77:11)
2024-10-02T07:59:52.633Z error: Error: read ECONNRESET
    at TLSWrap.onStreamRead (node:internal/stream_base_commons:217:20)
2024-10-02T09:45:14.311Z error: PoolClearedOnNetworkError: Connection to ac-wlue6z6-shard-00-01.a93vbj1.mongodb.net:27017 interrupted due to server monitor timeout
    at ConnectionPool.interruptInUseConnections (G:\mazadat\node_modules\mongodb\lib\cmap\connection_pool.js:264:36)
    at G:\mazadat\node_modules\mongodb\lib\cmap\connection_pool.js:252:41
    at process.processTicksAndRejections (node:internal/process/task_queues:77:11)
2024-10-07T15:51:26.646Z error: Error: read ECONNRESET
    at TLSWrap.onStreamRead (node:internal/stream_base_commons:217:20)
2024-10-08T10:43:51.636Z error: MongoNetworkError: connection 6 to 157.241.8.23:27017 closed
    at Connection.onClose (G:\mazadat\node_modules\mongodb\lib\cmap\connection.js:108:22)
    at TLSSocket.emit (node:events:518:28)
    at node:net:337:12
    at TCP.done (node:_tls_wrap:657:7)
2024-10-09T09:35:59.924Z error: PoolClearedOnNetworkError: Connection to ac-wlue6z6-shard-00-02.a93vbj1.mongodb.net:27017 interrupted due to server monitor timeout
    at ConnectionPool.interruptInUseConnections (G:\mazadat\node_modules\mongodb\lib\cmap\connection_pool.js:264:36)
    at G:\mazadat\node_modules\mongodb\lib\cmap\connection_pool.js:252:41
    at process.processTicksAndRejections (node:internal/process/task_queues:77:11)
2024-10-09T09:35:59.945Z error: PoolClearedOnNetworkError: Connection to ac-wlue6z6-shard-00-02.a93vbj1.mongodb.net:27017 interrupted due to server monitor timeout
    at ConnectionPool.interruptInUseConnections (G:\mazadat\node_modules\mongodb\lib\cmap\connection_pool.js:264:36)
    at G:\mazadat\node_modules\mongodb\lib\cmap\connection_pool.js:252:41
    at process.processTicksAndRejections (node:internal/process/task_queues:77:11)
2024-10-09T09:36:01.706Z error: PoolClearedOnNetworkError: Connection to ac-wlue6z6-shard-00-02.a93vbj1.mongodb.net:27017 interrupted due to server monitor timeout
    at ConnectionPool.interruptInUseConnections (G:\mazadat\node_modules\mongodb\lib\cmap\connection_pool.js:264:36)
    at G:\mazadat\node_modules\mongodb\lib\cmap\connection_pool.js:252:41
    at process.processTicksAndRejections (node:internal/process/task_queues:77:11)
2024-10-09T12:45:41.849Z error: MongoNetworkError: getaddrinfo ENOTFOUND ac-wlue6z6-shard-00-02.a93vbj1.mongodb.net
    at connectionFailureError (G:\mazadat\node_modules\mongodb\lib\cmap\connect.js:353:20)
    at TLSSocket.<anonymous> (G:\mazadat\node_modules\mongodb\lib\cmap\connect.js:268:44)
    at Object.onceWrapper (node:events:633:26)
    at TLSSocket.emit (node:events:518:28)
    at emitErrorNT (node:internal/streams/destroy:169:8)
    at emitErrorCloseNT (node:internal/streams/destroy:128:3)
    at process.processTicksAndRejections (node:internal/process/task_queues:82:21)
2024-10-09T18:02:04.733Z error: Error: read ECONNRESET
    at TLSWrap.onStreamRead (node:internal/stream_base_commons:217:20)
2024-10-09T23:24:19.406Z error: MongoServerError: Transaction with { txnNumber: 54 } has been aborted.
    at Connection.sendCommand (G:\mazadat\node_modules\mongodb\lib\cmap\connection.js:281:27)
    at process.processTicksAndRejections (node:internal/process/task_queues:95:5)
    at async Connection.command (G:\mazadat\node_modules\mongodb\lib\cmap\connection.js:304:26)
    at async Server.command (G:\mazadat\node_modules\mongodb\lib\sdam\server.js:169:24)
    at async executeOperation (G:\mazadat\node_modules\mongodb\lib\operations\execute_operation.js:126:16)
    at async AggregationCursor._initialize (G:\mazadat\node_modules\mongodb\lib\cursor\aggregation_cursor.js:46:26)
    at async [kInit] (G:\mazadat\node_modules\mongodb\lib\cursor\abstract_cursor.js:454:27)
    at async next (G:\mazadat\node_modules\mongodb\lib\cursor\abstract_cursor.js:514:13)
    at async [Symbol.asyncIterator] (G:\mazadat\node_modules\mongodb\lib\cursor\abstract_cursor.js:160:34)
    at async AggregationCursor.toArray (G:\mazadat\node_modules\mongodb\lib\cursor\abstract_cursor.js:273:26)
2024-10-09T23:24:19.548Z error: MongoServerError: Transaction with { txnNumber: 54 } has been aborted.
    at Connection.sendCommand (G:\mazadat\node_modules\mongodb\lib\cmap\connection.js:281:27)
    at process.processTicksAndRejections (node:internal/process/task_queues:95:5)
    at async Connection.command (G:\mazadat\node_modules\mongodb\lib\cmap\connection.js:304:26)
    at async Server.command (G:\mazadat\node_modules\mongodb\lib\sdam\server.js:169:24)
    at async executeOperation (G:\mazadat\node_modules\mongodb\lib\operations\execute_operation.js:126:16)
    at async AggregationCursor._initialize (G:\mazadat\node_modules\mongodb\lib\cursor\aggregation_cursor.js:46:26)
    at async [kInit] (G:\mazadat\node_modules\mongodb\lib\cursor\abstract_cursor.js:454:27)
    at async next (G:\mazadat\node_modules\mongodb\lib\cursor\abstract_cursor.js:514:13)
    at async [Symbol.asyncIterator] (G:\mazadat\node_modules\mongodb\lib\cursor\abstract_cursor.js:160:34)
    at async AggregationCursor.toArray (G:\mazadat\node_modules\mongodb\lib\cursor\abstract_cursor.js:273:26)
2024-10-09T23:42:39.783Z error: Error: read ECONNRESET
    at TLSWrap.onStreamRead (node:internal/stream_base_commons:217:20)
2024-10-10T07:00:47.856Z error: MongoServerError: Caused by :: Write conflict during plan execution and yielding is disabled. :: Please retry your operation or multi-document transaction.
    at Connection.sendCommand (G:\mazadat\node_modules\mongodb\lib\cmap\connection.js:281:27)
    at process.processTicksAndRejections (node:internal/process/task_queues:95:5)
    at async Connection.command (G:\mazadat\node_modules\mongodb\lib\cmap\connection.js:304:26)
    at async Server.command (G:\mazadat\node_modules\mongodb\lib\sdam\server.js:169:24)
    at async UpdateOneOperation.execute (G:\mazadat\node_modules\mongodb\lib\operations\update.js:67:21)
    at async executeOperation (G:\mazadat\node_modules\mongodb\lib\operations\execute_operation.js:126:16)
2024-10-10T07:01:49.353Z error: MongoServerError: Caused by :: Write conflict during plan execution and yielding is disabled. :: Please retry your operation or multi-document transaction.
    at Connection.sendCommand (G:\mazadat\node_modules\mongodb\lib\cmap\connection.js:281:27)
    at process.processTicksAndRejections (node:internal/process/task_queues:95:5)
    at async Connection.command (G:\mazadat\node_modules\mongodb\lib\cmap\connection.js:304:26)
    at async Server.command (G:\mazadat\node_modules\mongodb\lib\sdam\server.js:169:24)
    at async UpdateOneOperation.execute (G:\mazadat\node_modules\mongodb\lib\operations\update.js:67:21)
    at async executeOperation (G:\mazadat\node_modules\mongodb\lib\operations\execute_operation.js:126:16)
2024-10-10T07:04:24.476Z error: MongoServerError: Caused by :: Write conflict during plan execution and yielding is disabled. :: Please retry your operation or multi-document transaction.
    at Connection.sendCommand (G:\mazadat\node_modules\mongodb\lib\cmap\connection.js:281:27)
    at process.processTicksAndRejections (node:internal/process/task_queues:95:5)
    at async Connection.command (G:\mazadat\node_modules\mongodb\lib\cmap\connection.js:304:26)
    at async Server.command (G:\mazadat\node_modules\mongodb\lib\sdam\server.js:169:24)
    at async UpdateOneOperation.execute (G:\mazadat\node_modules\mongodb\lib\operations\update.js:67:21)
    at async executeOperation (G:\mazadat\node_modules\mongodb\lib\operations\execute_operation.js:126:16)
2024-10-10T07:05:53.313Z error: MongoServerError: Caused by :: Write conflict during plan execution and yielding is disabled. :: Please retry your operation or multi-document transaction.
    at Connection.sendCommand (G:\mazadat\node_modules\mongodb\lib\cmap\connection.js:281:27)
    at process.processTicksAndRejections (node:internal/process/task_queues:95:5)
    at async Connection.command (G:\mazadat\node_modules\mongodb\lib\cmap\connection.js:304:26)
    at async Server.command (G:\mazadat\node_modules\mongodb\lib\sdam\server.js:169:24)
    at async UpdateOneOperation.execute (G:\mazadat\node_modules\mongodb\lib\operations\update.js:67:21)
    at async executeOperation (G:\mazadat\node_modules\mongodb\lib\operations\execute_operation.js:126:16)
2024-10-10T07:08:41.131Z error: MongoServerError: Caused by :: Write conflict during plan execution and yielding is disabled. :: Please retry your operation or multi-document transaction.
    at Connection.sendCommand (G:\mazadat\node_modules\mongodb\lib\cmap\connection.js:281:27)
    at process.processTicksAndRejections (node:internal/process/task_queues:95:5)
    at async Connection.command (G:\mazadat\node_modules\mongodb\lib\cmap\connection.js:304:26)
    at async Server.command (G:\mazadat\node_modules\mongodb\lib\sdam\server.js:169:24)
    at async UpdateOneOperation.execute (G:\mazadat\node_modules\mongodb\lib\operations\update.js:67:21)
    at async executeOperation (G:\mazadat\node_modules\mongodb\lib\operations\execute_operation.js:126:16)
2024-10-10T07:11:21.410Z error: MongoServerError: Caused by :: Write conflict during plan execution and yielding is disabled. :: Please retry your operation or multi-document transaction.
    at Connection.sendCommand (G:\mazadat\node_modules\mongodb\lib\cmap\connection.js:281:27)
    at process.processTicksAndRejections (node:internal/process/task_queues:95:5)
    at async Connection.command (G:\mazadat\node_modules\mongodb\lib\cmap\connection.js:304:26)
    at async Server.command (G:\mazadat\node_modules\mongodb\lib\sdam\server.js:169:24)
    at async UpdateOneOperation.execute (G:\mazadat\node_modules\mongodb\lib\operations\update.js:67:21)
    at async executeOperation (G:\mazadat\node_modules\mongodb\lib\operations\execute_operation.js:126:16)
2024-10-10T07:12:48.112Z error: MongoServerError: Caused by :: Write conflict during plan execution and yielding is disabled. :: Please retry your operation or multi-document transaction.
    at Connection.sendCommand (G:\mazadat\node_modules\mongodb\lib\cmap\connection.js:281:27)
    at process.processTicksAndRejections (node:internal/process/task_queues:95:5)
    at async Connection.command (G:\mazadat\node_modules\mongodb\lib\cmap\connection.js:304:26)
    at async Server.command (G:\mazadat\node_modules\mongodb\lib\sdam\server.js:169:24)
    at async UpdateOneOperation.execute (G:\mazadat\node_modules\mongodb\lib\operations\update.js:67:21)
    at async executeOperation (G:\mazadat\node_modules\mongodb\lib\operations\execute_operation.js:126:16)
2024-10-10T07:15:03.750Z error: MongoServerError: Transaction with { txnNumber: 2 } has been aborted.
    at Connection.sendCommand (G:\mazadat\node_modules\mongodb\lib\cmap\connection.js:281:27)
    at process.processTicksAndRejections (node:internal/process/task_queues:95:5)
    at async Connection.command (G:\mazadat\node_modules\mongodb\lib\cmap\connection.js:304:26)
    at async Server.command (G:\mazadat\node_modules\mongodb\lib\sdam\server.js:169:24)
    at async executeOperation (G:\mazadat\node_modules\mongodb\lib\operations\execute_operation.js:126:16)
    at async AggregationCursor._initialize (G:\mazadat\node_modules\mongodb\lib\cursor\aggregation_cursor.js:46:26)
    at async [kInit] (G:\mazadat\node_modules\mongodb\lib\cursor\abstract_cursor.js:454:27)
    at async next (G:\mazadat\node_modules\mongodb\lib\cursor\abstract_cursor.js:514:13)
    at async [Symbol.asyncIterator] (G:\mazadat\node_modules\mongodb\lib\cursor\abstract_cursor.js:160:34)
    at async AggregationCursor.toArray (G:\mazadat\node_modules\mongodb\lib\cursor\abstract_cursor.js:273:26)
2024-10-10T07:15:03.906Z error: MongoServerError: Transaction with { txnNumber: 2 } has been aborted.
    at Connection.sendCommand (G:\mazadat\node_modules\mongodb\lib\cmap\connection.js:281:27)
    at process.processTicksAndRejections (node:internal/process/task_queues:95:5)
    at async Connection.command (G:\mazadat\node_modules\mongodb\lib\cmap\connection.js:304:26)
    at async Server.command (G:\mazadat\node_modules\mongodb\lib\sdam\server.js:169:24)
    at async executeOperation (G:\mazadat\node_modules\mongodb\lib\operations\execute_operation.js:126:16)
    at async AggregationCursor._initialize (G:\mazadat\node_modules\mongodb\lib\cursor\aggregation_cursor.js:46:26)
    at async [kInit] (G:\mazadat\node_modules\mongodb\lib\cursor\abstract_cursor.js:454:27)
    at async next (G:\mazadat\node_modules\mongodb\lib\cursor\abstract_cursor.js:514:13)
    at async [Symbol.asyncIterator] (G:\mazadat\node_modules\mongodb\lib\cursor\abstract_cursor.js:160:34)
    at async AggregationCursor.toArray (G:\mazadat\node_modules\mongodb\lib\cursor\abstract_cursor.js:273:26)
2024-10-10T09:06:12.345Z error: PoolClearedOnNetworkError: Connection to ac-wlue6z6-shard-00-02.a93vbj1.mongodb.net:27017 interrupted due to server monitor timeout
    at ConnectionPool.interruptInUseConnections (G:\mazadat\node_modules\mongodb\lib\cmap\connection_pool.js:264:36)
    at G:\mazadat\node_modules\mongodb\lib\cmap\connection_pool.js:252:41
    at process.processTicksAndRejections (node:internal/process/task_queues:77:11)
2024-10-14T13:04:44.623Z error: MongoServerError: Transaction numbers are only allowed on a replica set member or mongos
    at Connection.sendCommand (G:\auctions\node_modules\mongodb\lib\cmap\connection.js:281:27)
    at process.processTicksAndRejections (node:internal/process/task_queues:95:5)
    at async Connection.command (G:\auctions\node_modules\mongodb\lib\cmap\connection.js:304:26)
    at async Server.command (G:\auctions\node_modules\mongodb\lib\sdam\server.js:169:24)
    at async executeOperation (G:\auctions\node_modules\mongodb\lib\operations\execute_operation.js:126:16)
    at async FindCursor._initialize (G:\auctions\node_modules\mongodb\lib\cursor\find_cursor.js:55:26)
    at async [kInit] (G:\auctions\node_modules\mongodb\lib\cursor\abstract_cursor.js:454:27)
    at async next (G:\auctions\node_modules\mongodb\lib\cursor\abstract_cursor.js:514:13)
    at async [Symbol.asyncIterator] (G:\auctions\node_modules\mongodb\lib\cursor\abstract_cursor.js:160:34)
    at async FindCursor.toArray (G:\auctions\node_modules\mongodb\lib\cursor\abstract_cursor.js:273:26)
2024-10-14T13:25:10.530Z error: MongoServerError: Transaction numbers are only allowed on a replica set member or mongos
    at Connection.sendCommand (G:\auctions\node_modules\mongodb\lib\cmap\connection.js:281:27)
    at process.processTicksAndRejections (node:internal/process/task_queues:95:5)
    at async Connection.command (G:\auctions\node_modules\mongodb\lib\cmap\connection.js:304:26)
    at async Server.command (G:\auctions\node_modules\mongodb\lib\sdam\server.js:169:24)
    at async executeOperation (G:\auctions\node_modules\mongodb\lib\operations\execute_operation.js:126:16)
    at async FindCursor._initialize (G:\auctions\node_modules\mongodb\lib\cursor\find_cursor.js:55:26)
    at async [kInit] (G:\auctions\node_modules\mongodb\lib\cursor\abstract_cursor.js:454:27)
    at async next (G:\auctions\node_modules\mongodb\lib\cursor\abstract_cursor.js:514:13)
    at async [Symbol.asyncIterator] (G:\auctions\node_modules\mongodb\lib\cursor\abstract_cursor.js:160:34)
    at async FindCursor.toArray (G:\auctions\node_modules\mongodb\lib\cursor\abstract_cursor.js:273:26)
2024-10-14T13:25:36.553Z error: MongoServerError: Transaction numbers are only allowed on a replica set member or mongos
    at Connection.sendCommand (G:\auctions\node_modules\mongodb\lib\cmap\connection.js:281:27)
    at process.processTicksAndRejections (node:internal/process/task_queues:95:5)
    at async Connection.command (G:\auctions\node_modules\mongodb\lib\cmap\connection.js:304:26)
    at async Server.command (G:\auctions\node_modules\mongodb\lib\sdam\server.js:169:24)
    at async executeOperation (G:\auctions\node_modules\mongodb\lib\operations\execute_operation.js:126:16)
    at async FindCursor._initialize (G:\auctions\node_modules\mongodb\lib\cursor\find_cursor.js:55:26)
    at async [kInit] (G:\auctions\node_modules\mongodb\lib\cursor\abstract_cursor.js:454:27)
    at async next (G:\auctions\node_modules\mongodb\lib\cursor\abstract_cursor.js:514:13)
    at async [Symbol.asyncIterator] (G:\auctions\node_modules\mongodb\lib\cursor\abstract_cursor.js:160:34)
    at async FindCursor.toArray (G:\auctions\node_modules\mongodb\lib\cursor\abstract_cursor.js:273:26)
2024-10-14T13:26:03.737Z error: MongoServerError: Transaction numbers are only allowed on a replica set member or mongos
    at Connection.sendCommand (G:\auctions\node_modules\mongodb\lib\cmap\connection.js:281:27)
    at process.processTicksAndRejections (node:internal/process/task_queues:95:5)
    at async Connection.command (G:\auctions\node_modules\mongodb\lib\cmap\connection.js:304:26)
    at async Server.command (G:\auctions\node_modules\mongodb\lib\sdam\server.js:169:24)
    at async executeOperation (G:\auctions\node_modules\mongodb\lib\operations\execute_operation.js:126:16)
    at async FindCursor._initialize (G:\auctions\node_modules\mongodb\lib\cursor\find_cursor.js:55:26)
    at async [kInit] (G:\auctions\node_modules\mongodb\lib\cursor\abstract_cursor.js:454:27)
    at async next (G:\auctions\node_modules\mongodb\lib\cursor\abstract_cursor.js:514:13)
    at async [Symbol.asyncIterator] (G:\auctions\node_modules\mongodb\lib\cursor\abstract_cursor.js:160:34)
    at async FindCursor.toArray (G:\auctions\node_modules\mongodb\lib\cursor\abstract_cursor.js:273:26)
2024-10-14T13:26:41.576Z error: MongoServerError: Transaction numbers are only allowed on a replica set member or mongos
    at Connection.sendCommand (G:\auctions\node_modules\mongodb\lib\cmap\connection.js:281:27)
    at process.processTicksAndRejections (node:internal/process/task_queues:95:5)
    at async Connection.command (G:\auctions\node_modules\mongodb\lib\cmap\connection.js:304:26)
    at async Server.command (G:\auctions\node_modules\mongodb\lib\sdam\server.js:169:24)
    at async executeOperation (G:\auctions\node_modules\mongodb\lib\operations\execute_operation.js:126:16)
    at async FindCursor._initialize (G:\auctions\node_modules\mongodb\lib\cursor\find_cursor.js:55:26)
    at async [kInit] (G:\auctions\node_modules\mongodb\lib\cursor\abstract_cursor.js:454:27)
    at async next (G:\auctions\node_modules\mongodb\lib\cursor\abstract_cursor.js:514:13)
    at async [Symbol.asyncIterator] (G:\auctions\node_modules\mongodb\lib\cursor\abstract_cursor.js:160:34)
    at async FindCursor.toArray (G:\auctions\node_modules\mongodb\lib\cursor\abstract_cursor.js:273:26)
2024-10-14T13:47:43.303Z error: MongoServerError: Caused by :: Write conflict during plan execution and yielding is disabled. :: Please retry your operation or multi-document transaction.
    at Connection.sendCommand (G:\auctions\node_modules\mongodb\lib\cmap\connection.js:281:27)
    at process.processTicksAndRejections (node:internal/process/task_queues:95:5)
    at async Connection.command (G:\auctions\node_modules\mongodb\lib\cmap\connection.js:304:26)
    at async Server.command (G:\auctions\node_modules\mongodb\lib\sdam\server.js:169:24)
    at async UpdateOneOperation.execute (G:\auctions\node_modules\mongodb\lib\operations\update.js:67:21)
    at async executeOperation (G:\auctions\node_modules\mongodb\lib\operations\execute_operation.js:126:16)
2024-10-15T07:56:53.843Z error: MongoServerError: Caused by :: Write conflict during plan execution and yielding is disabled. :: Please retry your operation or multi-document transaction.
    at Connection.sendCommand (G:\auctions\node_modules\mongodb\lib\cmap\connection.js:281:27)
    at process.processTicksAndRejections (node:internal/process/task_queues:95:5)
    at async Connection.command (G:\auctions\node_modules\mongodb\lib\cmap\connection.js:304:26)
    at async Server.command (G:\auctions\node_modules\mongodb\lib\sdam\server.js:169:24)
    at async UpdateOneOperation.execute (G:\auctions\node_modules\mongodb\lib\operations\update.js:67:21)
    at async executeOperation (G:\auctions\node_modules\mongodb\lib\operations\execute_operation.js:126:16)
2024-10-15T07:57:54.566Z error: MongoServerError: Transaction with { txnNumber: 1 } has been aborted.
    at Connection.sendCommand (G:\auctions\node_modules\mongodb\lib\cmap\connection.js:281:27)
    at process.processTicksAndRejections (node:internal/process/task_queues:95:5)
    at async Connection.command (G:\auctions\node_modules\mongodb\lib\cmap\connection.js:304:26)
    at async Server.command (G:\auctions\node_modules\mongodb\lib\sdam\server.js:169:24)
    at async executeOperation (G:\auctions\node_modules\mongodb\lib\operations\execute_operation.js:126:16)
    at async AggregationCursor._initialize (G:\auctions\node_modules\mongodb\lib\cursor\aggregation_cursor.js:46:26)
    at async [kInit] (G:\auctions\node_modules\mongodb\lib\cursor\abstract_cursor.js:454:27)
    at async next (G:\auctions\node_modules\mongodb\lib\cursor\abstract_cursor.js:514:13)
    at async [Symbol.asyncIterator] (G:\auctions\node_modules\mongodb\lib\cursor\abstract_cursor.js:160:34)
    at async AggregationCursor.toArray (G:\auctions\node_modules\mongodb\lib\cursor\abstract_cursor.js:273:26)
2024-10-15T07:57:54.680Z error: MongoServerError: Transaction with { txnNumber: 1 } has been aborted.
    at Connection.sendCommand (G:\auctions\node_modules\mongodb\lib\cmap\connection.js:281:27)
    at process.processTicksAndRejections (node:internal/process/task_queues:95:5)
    at async Connection.command (G:\auctions\node_modules\mongodb\lib\cmap\connection.js:304:26)
    at async Server.command (G:\auctions\node_modules\mongodb\lib\sdam\server.js:169:24)
    at async executeOperation (G:\auctions\node_modules\mongodb\lib\operations\execute_operation.js:126:16)
    at async AggregationCursor._initialize (G:\auctions\node_modules\mongodb\lib\cursor\aggregation_cursor.js:46:26)
    at async [kInit] (G:\auctions\node_modules\mongodb\lib\cursor\abstract_cursor.js:454:27)
    at async next (G:\auctions\node_modules\mongodb\lib\cursor\abstract_cursor.js:514:13)
    at async [Symbol.asyncIterator] (G:\auctions\node_modules\mongodb\lib\cursor\abstract_cursor.js:160:34)
    at async AggregationCursor.toArray (G:\auctions\node_modules\mongodb\lib\cursor\abstract_cursor.js:273:26)
2024-10-15T07:58:18.047Z error: MongoServerError: Caused by :: Write conflict during plan execution and yielding is disabled. :: Please retry your operation or multi-document transaction.
    at Connection.sendCommand (G:\auctions\node_modules\mongodb\lib\cmap\connection.js:281:27)
    at process.processTicksAndRejections (node:internal/process/task_queues:95:5)
    at async Connection.command (G:\auctions\node_modules\mongodb\lib\cmap\connection.js:304:26)
    at async Server.command (G:\auctions\node_modules\mongodb\lib\sdam\server.js:169:24)
    at async UpdateOneOperation.execute (G:\auctions\node_modules\mongodb\lib\operations\update.js:67:21)
    at async executeOperation (G:\auctions\node_modules\mongodb\lib\operations\execute_operation.js:126:16)
2024-10-15T08:01:19.719Z error: MongoServerError: Caused by :: Write conflict during plan execution and yielding is disabled. :: Please retry your operation or multi-document transaction.
    at Connection.sendCommand (G:\auctions\node_modules\mongodb\lib\cmap\connection.js:281:27)
    at process.processTicksAndRejections (node:internal/process/task_queues:95:5)
    at async Connection.command (G:\auctions\node_modules\mongodb\lib\cmap\connection.js:304:26)
    at async Server.command (G:\auctions\node_modules\mongodb\lib\sdam\server.js:169:24)
    at async UpdateOneOperation.execute (G:\auctions\node_modules\mongodb\lib\operations\update.js:67:21)
    at async executeOperation (G:\auctions\node_modules\mongodb\lib\operations\execute_operation.js:126:16)
2024-10-15T08:01:37.224Z error: MongoServerError: Caused by :: Write conflict during plan execution and yielding is disabled. :: Please retry your operation or multi-document transaction.
    at Connection.sendCommand (G:\auctions\node_modules\mongodb\lib\cmap\connection.js:281:27)
    at process.processTicksAndRejections (node:internal/process/task_queues:95:5)
    at async Connection.command (G:\auctions\node_modules\mongodb\lib\cmap\connection.js:304:26)
    at async Server.command (G:\auctions\node_modules\mongodb\lib\sdam\server.js:169:24)
    at async UpdateOneOperation.execute (G:\auctions\node_modules\mongodb\lib\operations\update.js:67:21)
    at async executeOperation (G:\auctions\node_modules\mongodb\lib\operations\execute_operation.js:126:16)
2024-10-15T08:02:37.836Z error: MongoServerError: Caused by :: Write conflict during plan execution and yielding is disabled. :: Please retry your operation or multi-document transaction.
    at Connection.sendCommand (G:\auctions\node_modules\mongodb\lib\cmap\connection.js:281:27)
    at process.processTicksAndRejections (node:internal/process/task_queues:95:5)
    at async Connection.command (G:\auctions\node_modules\mongodb\lib\cmap\connection.js:304:26)
    at async Server.command (G:\auctions\node_modules\mongodb\lib\sdam\server.js:169:24)
    at async UpdateOneOperation.execute (G:\auctions\node_modules\mongodb\lib\operations\update.js:67:21)
    at async executeOperation (G:\auctions\node_modules\mongodb\lib\operations\execute_operation.js:126:16)
2024-10-15T08:04:19.276Z error: MongoServerError: Transaction with { txnNumber: 1 } has been aborted.
    at Connection.sendCommand (G:\auctions\node_modules\mongodb\lib\cmap\connection.js:281:27)
    at process.processTicksAndRejections (node:internal/process/task_queues:95:5)
    at async Connection.command (G:\auctions\node_modules\mongodb\lib\cmap\connection.js:304:26)
    at async Server.command (G:\auctions\node_modules\mongodb\lib\sdam\server.js:169:24)
    at async executeOperation (G:\auctions\node_modules\mongodb\lib\operations\execute_operation.js:126:16)
    at async AggregationCursor._initialize (G:\auctions\node_modules\mongodb\lib\cursor\aggregation_cursor.js:46:26)
    at async [kInit] (G:\auctions\node_modules\mongodb\lib\cursor\abstract_cursor.js:454:27)
    at async next (G:\auctions\node_modules\mongodb\lib\cursor\abstract_cursor.js:514:13)
    at async [Symbol.asyncIterator] (G:\auctions\node_modules\mongodb\lib\cursor\abstract_cursor.js:160:34)
    at async AggregationCursor.toArray (G:\auctions\node_modules\mongodb\lib\cursor\abstract_cursor.js:273:26)
2024-10-15T08:04:19.370Z error: MongoServerError: Transaction with { txnNumber: 1 } has been aborted.
    at Connection.sendCommand (G:\auctions\node_modules\mongodb\lib\cmap\connection.js:281:27)
    at process.processTicksAndRejections (node:internal/process/task_queues:95:5)
    at async Connection.command (G:\auctions\node_modules\mongodb\lib\cmap\connection.js:304:26)
    at async Server.command (G:\auctions\node_modules\mongodb\lib\sdam\server.js:169:24)
    at async executeOperation (G:\auctions\node_modules\mongodb\lib\operations\execute_operation.js:126:16)
    at async AggregationCursor._initialize (G:\auctions\node_modules\mongodb\lib\cursor\aggregation_cursor.js:46:26)
    at async [kInit] (G:\auctions\node_modules\mongodb\lib\cursor\abstract_cursor.js:454:27)
    at async next (G:\auctions\node_modules\mongodb\lib\cursor\abstract_cursor.js:514:13)
    at async [Symbol.asyncIterator] (G:\auctions\node_modules\mongodb\lib\cursor\abstract_cursor.js:160:34)
    at async AggregationCursor.toArray (G:\auctions\node_modules\mongodb\lib\cursor\abstract_cursor.js:273:26)
2024-10-15T08:04:29.392Z error: MongoServerError: Transaction with { txnNumber: 2 } has been aborted.
    at Connection.sendCommand (G:\auctions\node_modules\mongodb\lib\cmap\connection.js:281:27)
    at process.processTicksAndRejections (node:internal/process/task_queues:95:5)
    at async Connection.command (G:\auctions\node_modules\mongodb\lib\cmap\connection.js:304:26)
    at async Server.command (G:\auctions\node_modules\mongodb\lib\sdam\server.js:169:24)
    at async executeOperation (G:\auctions\node_modules\mongodb\lib\operations\execute_operation.js:126:16)
    at async AggregationCursor._initialize (G:\auctions\node_modules\mongodb\lib\cursor\aggregation_cursor.js:46:26)
    at async [kInit] (G:\auctions\node_modules\mongodb\lib\cursor\abstract_cursor.js:454:27)
    at async next (G:\auctions\node_modules\mongodb\lib\cursor\abstract_cursor.js:514:13)
    at async [Symbol.asyncIterator] (G:\auctions\node_modules\mongodb\lib\cursor\abstract_cursor.js:160:34)
    at async AggregationCursor.toArray (G:\auctions\node_modules\mongodb\lib\cursor\abstract_cursor.js:273:26)
2024-10-15T08:04:29.493Z error: MongoServerError: Transaction with { txnNumber: 2 } has been aborted.
    at Connection.sendCommand (G:\auctions\node_modules\mongodb\lib\cmap\connection.js:281:27)
    at process.processTicksAndRejections (node:internal/process/task_queues:95:5)
    at async Connection.command (G:\auctions\node_modules\mongodb\lib\cmap\connection.js:304:26)
    at async Server.command (G:\auctions\node_modules\mongodb\lib\sdam\server.js:169:24)
    at async executeOperation (G:\auctions\node_modules\mongodb\lib\operations\execute_operation.js:126:16)
    at async AggregationCursor._initialize (G:\auctions\node_modules\mongodb\lib\cursor\aggregation_cursor.js:46:26)
    at async [kInit] (G:\auctions\node_modules\mongodb\lib\cursor\abstract_cursor.js:454:27)
    at async next (G:\auctions\node_modules\mongodb\lib\cursor\abstract_cursor.js:514:13)
    at async [Symbol.asyncIterator] (G:\auctions\node_modules\mongodb\lib\cursor\abstract_cursor.js:160:34)
    at async AggregationCursor.toArray (G:\auctions\node_modules\mongodb\lib\cursor\abstract_cursor.js:273:26)
2024-10-15T08:04:52.786Z error: MongoServerError: Caused by :: Write conflict during plan execution and yielding is disabled. :: Please retry your operation or multi-document transaction.
    at Connection.sendCommand (G:\auctions\node_modules\mongodb\lib\cmap\connection.js:281:27)
    at process.processTicksAndRejections (node:internal/process/task_queues:95:5)
    at async Connection.command (G:\auctions\node_modules\mongodb\lib\cmap\connection.js:304:26)
    at async Server.command (G:\auctions\node_modules\mongodb\lib\sdam\server.js:169:24)
    at async UpdateOneOperation.execute (G:\auctions\node_modules\mongodb\lib\operations\update.js:67:21)
    at async executeOperation (G:\auctions\node_modules\mongodb\lib\operations\execute_operation.js:126:16)
2024-10-15T08:31:34.607Z error: MongoServerError: Transaction with { txnNumber: 1 } has been aborted.
    at Connection.sendCommand (G:\auctions\node_modules\mongodb\lib\cmap\connection.js:281:27)
    at process.processTicksAndRejections (node:internal/process/task_queues:95:5)
    at async Connection.command (G:\auctions\node_modules\mongodb\lib\cmap\connection.js:304:26)
    at async Server.command (G:\auctions\node_modules\mongodb\lib\sdam\server.js:169:24)
    at async executeOperation (G:\auctions\node_modules\mongodb\lib\operations\execute_operation.js:126:16)
    at async AggregationCursor._initialize (G:\auctions\node_modules\mongodb\lib\cursor\aggregation_cursor.js:46:26)
    at async [kInit] (G:\auctions\node_modules\mongodb\lib\cursor\abstract_cursor.js:454:27)
    at async next (G:\auctions\node_modules\mongodb\lib\cursor\abstract_cursor.js:514:13)
    at async [Symbol.asyncIterator] (G:\auctions\node_modules\mongodb\lib\cursor\abstract_cursor.js:160:34)
    at async AggregationCursor.toArray (G:\auctions\node_modules\mongodb\lib\cursor\abstract_cursor.js:273:26)
2024-10-15T08:31:34.701Z error: MongoServerError: Transaction with { txnNumber: 1 } has been aborted.
    at Connection.sendCommand (G:\auctions\node_modules\mongodb\lib\cmap\connection.js:281:27)
    at process.processTicksAndRejections (node:internal/process/task_queues:95:5)
    at async Connection.command (G:\auctions\node_modules\mongodb\lib\cmap\connection.js:304:26)
    at async Server.command (G:\auctions\node_modules\mongodb\lib\sdam\server.js:169:24)
    at async executeOperation (G:\auctions\node_modules\mongodb\lib\operations\execute_operation.js:126:16)
    at async AggregationCursor._initialize (G:\auctions\node_modules\mongodb\lib\cursor\aggregation_cursor.js:46:26)
    at async [kInit] (G:\auctions\node_modules\mongodb\lib\cursor\abstract_cursor.js:454:27)
    at async next (G:\auctions\node_modules\mongodb\lib\cursor\abstract_cursor.js:514:13)
    at async [Symbol.asyncIterator] (G:\auctions\node_modules\mongodb\lib\cursor\abstract_cursor.js:160:34)
    at async AggregationCursor.toArray (G:\auctions\node_modules\mongodb\lib\cursor\abstract_cursor.js:273:26)
2024-10-15T14:03:10.219Z error: PoolClearedOnNetworkError: Connection to ac-wlue6z6-shard-00-01.a93vbj1.mongodb.net:27017 interrupted due to server monitor timeout
    at ConnectionPool.interruptInUseConnections (G:\auctions\node_modules\mongodb\lib\cmap\connection_pool.js:264:36)
    at G:\auctions\node_modules\mongodb\lib\cmap\connection_pool.js:252:41
    at process.processTicksAndRejections (node:internal/process/task_queues:77:11)
2024-10-15T17:47:34.433Z error: PoolClearedOnNetworkError: Connection to ac-wlue6z6-shard-00-01.a93vbj1.mongodb.net:27017 interrupted due to server monitor timeout
    at ConnectionPool.interruptInUseConnections (G:\auctions\node_modules\mongodb\lib\cmap\connection_pool.js:264:36)
    at G:\auctions\node_modules\mongodb\lib\cmap\connection_pool.js:252:41
    at process.processTicksAndRejections (node:internal/process/task_queues:77:11)
2024-10-23T09:13:58.193Z error: Error: read ECONNRESET
    at TLSWrap.onStreamRead (node:internal/stream_base_commons:217:20)
2024-10-23T09:28:03.085Z error: Error: read ECONNRESET
    at TLSWrap.onStreamRead (node:internal/stream_base_commons:217:20)
